2023-11-22 08:39:25,234 [INFO] Activator:176 - 


2023-11-22 08:39:25,234 [INFO] Activator:177 - !SESSION log4j initialized
2023-11-22 08:39:31,329 [INFO] LogOutputStream:77 - [STDOUT_REDIRECT] 
2023-11-22 08:39:38,366 [INFO] ApplicationProperties:184 - Using Application install path: C:\ST\STM32CubeIDE_1.13.2\STM32CubeIDE\plugins\com.st.stm32cube.common.mx_6.9.2.202309101412
2023-11-22 08:39:38,389 [INFO] DbMcusXml:78 - Set database path to: C:\ST\STM32CubeIDE_1.13.2\STM32CubeIDE\plugins\com.st.stm32cube.common.mx_6.9.2.202309101412\\db\/mcu/
2023-11-22 08:39:38,389 [INFO] ApiDb:274 - Set plugin database path to: C:\ST\STM32CubeIDE_1.13.2\STM32CubeIDE\plugins\com.st.stm32cube.common.mx_6.9.2.202309101412\\db\/plugins/boardmanager/
2023-11-22 08:39:38,390 [WARN] ApiDb:259 - Overriding images path with different value:  => C:\ST\STM32CubeIDE_1.13.2\STM32CubeIDE\plugins\com.st.stm32cube.common.mx_6.9.2.202309101412\\db\/plugins/mcufinder/images/
2023-11-22 08:39:38,402 [INFO] ApiDb:250 - Set database path to: C:\Users\jun\.stmcufinder\plugins\mcufinder//mcu/
2023-11-22 08:39:38,404 [INFO] DbMcusAds:125 - Set database path to: C:\Users\jun\.stmcufinder\plugins\mcufinder//mcu/
2023-11-22 08:39:38,407 [INFO] CrossReferenceDbSqlite:203 - Set database path to: C:\Users\jun\.stmcufinder\plugins\mcufinder//mcu/cs/
2023-11-22 08:39:38,580 [INFO] RulesReader:64 - Compatibility file has been processed (293 Rules)
2023-11-22 08:39:38,700 [INFO] DbMcusXml:78 - Set database path to: C:\ST\STM32CubeIDE_1.13.2\STM32CubeIDE\plugins\com.st.stm32cube.common.mx_6.9.2.202309101412\\db\/mcu/
2023-11-22 08:39:38,700 [INFO] ApiDb:274 - Set plugin database path to: C:\ST\STM32CubeIDE_1.13.2\STM32CubeIDE\plugins\com.st.stm32cube.common.mx_6.9.2.202309101412\\db\/plugins/boardmanager/
2023-11-22 08:39:38,701 [INFO] ApiDb:261 - Set plugin images path to: C:\ST\STM32CubeIDE_1.13.2\STM32CubeIDE\plugins\com.st.stm32cube.common.mx_6.9.2.202309101412\\db\/plugins/mcufinder/images/
2023-11-22 08:39:38,701 [WARN] DbFile:41 - Overriding database path with different value: C:\Users\jun\.stmcufinder\plugins\mcufinder/ => C:\Users\jun\.stmcufinder\plugins\mcufinder
2023-11-22 08:39:38,702 [INFO] ApiDb:250 - Set database path to: C:\Users\jun\.stmcufinder\plugins\mcufinder//mcu/
2023-11-22 08:39:38,702 [WARN] DbFile:41 - Overriding database path with different value: C:\Users\jun\.stmcufinder\plugins\mcufinder/ => C:\Users\jun\.stmcufinder\plugins\mcufinder
2023-11-22 08:39:38,702 [INFO] DbMcusAds:125 - Set database path to: C:\Users\jun\.stmcufinder\plugins\mcufinder//mcu/
2023-11-22 08:39:38,702 [WARN] DbFile:41 - Overriding database path with different value: C:\Users\jun\.stmcufinder\plugins\mcufinder/ => C:\Users\jun\.stmcufinder\plugins\mcufinder
2023-11-22 08:39:38,702 [WARN] DbFile:41 - Overriding database path with different value: C:\Users\jun\.stmcufinder\plugins\mcufinder/ => C:\Users\jun\.stmcufinder\plugins\mcufinder
2023-11-22 08:39:38,703 [INFO] CrossReferenceDbSqlite:203 - Set database path to: C:\Users\jun\.stmcufinder\plugins\mcufinder//mcu/cs/
2023-11-22 08:39:38,816 [INFO] MainPanel:262 - HeapMemory: 268435456
2023-11-22 08:39:38,929 [INFO] DbMcusXml:78 - Set database path to: C:\ST\STM32CubeIDE_1.13.2\STM32CubeIDE\plugins\com.st.stm32cube.common.mx_6.9.2.202309101412\\db\/mcu/
2023-11-22 08:39:38,929 [INFO] ApiDb:274 - Set plugin database path to: C:\ST\STM32CubeIDE_1.13.2\STM32CubeIDE\plugins\com.st.stm32cube.common.mx_6.9.2.202309101412\\db\/plugins/boardmanager/
2023-11-22 08:39:38,929 [INFO] ApiDb:261 - Set plugin images path to: C:\ST\STM32CubeIDE_1.13.2\STM32CubeIDE\plugins\com.st.stm32cube.common.mx_6.9.2.202309101412\\db\/plugins/mcufinder/images/
2023-11-22 08:39:38,930 [WARN] DbFile:41 - Overriding database path with different value: C:\Users\jun\.stmcufinder\plugins\mcufinder/ => C:\Users\jun\.stmcufinder\plugins\mcufinder
2023-11-22 08:39:38,930 [INFO] ApiDb:250 - Set database path to: C:\Users\jun\.stmcufinder\plugins\mcufinder//mcu/
2023-11-22 08:39:38,930 [WARN] DbFile:41 - Overriding database path with different value: C:\Users\jun\.stmcufinder\plugins\mcufinder/ => C:\Users\jun\.stmcufinder\plugins\mcufinder
2023-11-22 08:39:38,930 [INFO] DbMcusAds:125 - Set database path to: C:\Users\jun\.stmcufinder\plugins\mcufinder//mcu/
2023-11-22 08:39:38,930 [WARN] DbFile:41 - Overriding database path with different value: C:\Users\jun\.stmcufinder\plugins\mcufinder/ => C:\Users\jun\.stmcufinder\plugins\mcufinder
2023-11-22 08:39:38,931 [WARN] DbFile:41 - Overriding database path with different value: C:\Users\jun\.stmcufinder\plugins\mcufinder/ => C:\Users\jun\.stmcufinder\plugins\mcufinder
2023-11-22 08:39:38,931 [INFO] CrossReferenceDbSqlite:203 - Set database path to: C:\Users\jun\.stmcufinder\plugins\mcufinder//mcu/cs/
2023-11-22 08:39:38,957 [INFO] ApplicationProperties:184 - Using Application install path: C:\ST\STM32CubeIDE_1.13.2\STM32CubeIDE\plugins\com.st.stm32cube.common.mx_6.9.2.202309101412
2023-11-22 08:39:38,959 [INFO] PluginManage:196 - Search for loadable plugins [exclusion list=, ]
2023-11-22 08:39:38,961 [INFO] PluginManage:310 - Check plugin analytics
2023-11-22 08:39:43,718 [INFO] AnalyticsPlugin:253 - Accepted Software Licenses: STM32CubeMX.6.9.2
2023-11-22 08:39:43,718 [INFO] AnalyticsPlugin:255 - Accepted CMSIS Pack Licenses: 
2023-11-22 08:39:43,718 [INFO] AnalyticsPlugin:257 - Accepted Firmware Licenses: FW.F4.1.27.0
2023-11-22 08:39:43,722 [INFO] PluginManage:359 - Loaded plugin analytics (category:tool,tabindex:-1)
2023-11-22 08:39:43,723 [INFO] PluginManage:310 - Check plugin cadmodel
2023-11-22 08:39:43,728 [INFO] CADModel:105 - Init CAD model plugin
2023-11-22 08:39:43,728 [INFO] PluginManage:359 - Loaded plugin cadmodel (category:power,tabindex:5)
2023-11-22 08:39:43,729 [INFO] PluginManage:310 - Check plugin clock
2023-11-22 08:39:43,740 [INFO] PluginManage:359 - Loaded plugin clock (category:base,tabindex:2)
2023-11-22 08:39:43,740 [INFO] PluginManage:310 - Check plugin ddr
2023-11-22 08:39:43,743 [INFO] PluginManage:359 - Loaded plugin ddr (category:tool,tabindex:6)
2023-11-22 08:39:43,743 [INFO] PluginManage:310 - Check plugin filemanager
2023-11-22 08:39:43,902 [INFO] PluginManage:359 - Loaded plugin filemanager (category:base,tabindex:10)
2023-11-22 08:39:43,903 [INFO] PluginManage:310 - Check plugin ipmanager
2023-11-22 08:39:43,911 [INFO] PluginManage:359 - Loaded plugin ipmanager (category:base,tabindex:5)
2023-11-22 08:39:43,912 [INFO] PluginManage:310 - Check plugin lpbam
2023-11-22 08:39:43,921 [INFO] PluginManage:359 - Loaded plugin lpbam (category:base,tabindex:0)
2023-11-22 08:39:43,921 [INFO] PluginManage:310 - Check plugin memorymap
2023-11-22 08:39:43,933 [INFO] PluginManage:359 - Loaded plugin memorymap (category:base,tabindex:4)
2023-11-22 08:39:43,933 [INFO] PluginManage:310 - Check plugin pinoutandconfiguration
2023-11-22 08:39:43,943 [INFO] PluginManage:359 - Loaded plugin pinoutandconfiguration (category:base,tabindex:1)
2023-11-22 08:39:43,943 [INFO] PluginManage:310 - Check plugin pinoutconfig
2023-11-22 08:39:44,043 [WARN] SupportedApi:132 - Cannot load RTOS API schema: s4s-elt-must-match.1: The content of 'definitions' must match (annotation?, (simpleType | complexType)?, (unique | key | keyref)*)). A problem was found starting at: attribute.
2023-11-22 08:39:44,203 [INFO] PluginManage:359 - Loaded plugin pinoutconfig (category:base,tabindex:0)
2023-11-22 08:39:44,204 [INFO] PluginManage:310 - Check plugin power
2023-11-22 08:39:44,214 [INFO] PluginManage:359 - Loaded plugin power (category:power,tabindex:4)
2023-11-22 08:39:44,214 [INFO] PluginManage:310 - Check plugin projectmanager
2023-11-22 08:39:44,233 [INFO] PluginManage:359 - Loaded plugin projectmanager (category:projectmanager,tabindex:3)
2023-11-22 08:39:44,233 [INFO] PluginManage:310 - Check plugin thirdparty
2023-11-22 08:39:44,403 [INFO] PluginManage:359 - Loaded plugin thirdparty (category:base,tabindex:-1)
2023-11-22 08:39:44,403 [INFO] PluginManage:310 - Check plugin tools
2023-11-22 08:39:44,403 [WARN] IntegrityCheckThread:84 - waiting for thirdparty lock release [integrity check]
2023-11-22 08:39:44,403 [INFO] IntegrityCheckThread:86 - entering critical section [integrity check]
2023-11-22 08:39:44,404 [INFO] ThirdPartyUpdaterWithRetryManager:70 - Updater plugin not ready yet. [1/15]
2023-11-22 08:39:44,407 [INFO] PluginManage:359 - Loaded plugin tools (category:base,tabindex:7)
2023-11-22 08:39:44,408 [INFO] PluginManage:310 - Check plugin tutovideos
2023-11-22 08:39:44,619 [INFO] PluginManage:359 - Loaded plugin tutovideos (category:base,tabindex:-1)
2023-11-22 08:39:44,619 [INFO] PluginManage:310 - Check plugin updater
2023-11-22 08:39:44,632 [INFO] PluginManage:359 - Loaded plugin updater (category:base,tabindex:12)
2023-11-22 08:39:44,632 [INFO] PluginManage:310 - Check plugin userauth
2023-11-22 08:39:44,639 [INFO] UserAuth:113 - Init User Auth plugin
2023-11-22 08:39:44,640 [INFO] PluginManage:359 - Loaded plugin userauth (category:base,tabindex:14)
2023-11-22 08:39:44,640 [INFO] PluginManage:283 - PluginManage : Loaded plugins [17]
2023-11-22 08:39:44,870 [INFO] PinOutPanel:1499 - setPackage(No Configuration,No Configuration)
2023-11-22 08:39:45,000 [INFO] CADModel:165 - CPN selected for project level
2023-11-22 08:39:45,000 [INFO] CADModel:114 - Register for checkConnection events
2023-11-22 08:39:45,016 [INFO] IPUIPlugin:80 - create IPUIPlugin
2023-11-22 08:39:45,016 [INFO] PluginManager:220 - loadIPPluginJar : add adc
2023-11-22 08:39:45,019 [INFO] IPUIPlugin:80 - create IPUIPlugin
2023-11-22 08:39:45,019 [INFO] PluginManager:220 - loadIPPluginJar : add aes
2023-11-22 08:39:45,021 [INFO] IPUIPlugin:80 - create IPUIPlugin
2023-11-22 08:39:45,021 [INFO] PluginManager:220 - loadIPPluginJar : add can
2023-11-22 08:39:45,023 [INFO] IPUIPlugin:80 - create IPUIPlugin
2023-11-22 08:39:45,023 [INFO] PluginManager:220 - loadIPPluginJar : add comp
2023-11-22 08:39:45,025 [INFO] IPUIPlugin:80 - create IPUIPlugin
2023-11-22 08:39:45,025 [INFO] PluginManager:220 - loadIPPluginJar : add cryp
2023-11-22 08:39:45,028 [INFO] IPUIPlugin:80 - create IPUIPlugin
2023-11-22 08:39:45,028 [INFO] PluginManager:220 - loadIPPluginJar : add dfsdm
2023-11-22 08:39:45,035 [INFO] IPUIPlugin:80 - create IPUIPlugin
2023-11-22 08:39:45,036 [INFO] PluginManager:220 - loadIPPluginJar : add dma
2023-11-22 08:39:45,039 [INFO] IPUIPlugin:80 - create IPUIPlugin
2023-11-22 08:39:45,040 [INFO] PluginManager:220 - loadIPPluginJar : add dma3
2023-11-22 08:39:45,043 [INFO] IPUIPlugin:80 - create IPUIPlugin
2023-11-22 08:39:45,043 [INFO] PluginManager:220 - loadIPPluginJar : add fatfs
2023-11-22 08:39:45,048 [INFO] IPUIPlugin:80 - create IPUIPlugin
2023-11-22 08:39:45,049 [INFO] PluginManager:220 - loadIPPluginJar : add fmc
2023-11-22 08:39:45,055 [INFO] IPUIPlugin:80 - create IPUIPlugin
2023-11-22 08:39:45,055 [INFO] PluginManager:220 - loadIPPluginJar : add freertos
2023-11-22 08:39:45,057 [INFO] IPUIPlugin:80 - create IPUIPlugin
2023-11-22 08:39:45,057 [INFO] PluginManager:220 - loadIPPluginJar : add genericplugin
2023-11-22 08:39:45,059 [INFO] IPUIPlugin:80 - create IPUIPlugin
2023-11-22 08:39:45,059 [INFO] PluginManager:220 - loadIPPluginJar : add gfxmmu
2023-11-22 08:39:45,064 [INFO] IPUIPlugin:80 - create IPUIPlugin
2023-11-22 08:39:45,064 [INFO] PluginManager:220 - loadIPPluginJar : add gic
2023-11-22 08:39:45,069 [INFO] IPUIPlugin:80 - create IPUIPlugin
2023-11-22 08:39:45,069 [INFO] PluginManager:220 - loadIPPluginJar : add gpio
2023-11-22 08:39:45,072 [INFO] IPUIPlugin:80 - create IPUIPlugin
2023-11-22 08:39:45,072 [INFO] PluginManager:220 - loadIPPluginJar : add gtzc
2023-11-22 08:39:45,075 [INFO] IPUIPlugin:80 - create IPUIPlugin
2023-11-22 08:39:45,075 [INFO] PluginManager:220 - loadIPPluginJar : add hash
2023-11-22 08:39:45,078 [INFO] IPUIPlugin:80 - create IPUIPlugin
2023-11-22 08:39:45,078 [INFO] PluginManager:220 - loadIPPluginJar : add i2c
2023-11-22 08:39:45,083 [INFO] IPUIPlugin:80 - create IPUIPlugin
2023-11-22 08:39:45,083 [INFO] PluginManager:220 - loadIPPluginJar : add i2s
2023-11-22 08:39:45,086 [INFO] IPUIPlugin:80 - create IPUIPlugin
2023-11-22 08:39:45,086 [INFO] PluginManager:220 - loadIPPluginJar : add i3c
2023-11-22 08:39:45,090 [INFO] IPUIPlugin:80 - create IPUIPlugin
2023-11-22 08:39:45,090 [INFO] PluginManager:220 - loadIPPluginJar : add ipddr
2023-11-22 08:39:45,099 [INFO] IPUIPlugin:80 - create IPUIPlugin
2023-11-22 08:39:45,099 [INFO] PluginManager:220 - loadIPPluginJar : add linkedlist
2023-11-22 08:39:45,102 [INFO] IPUIPlugin:80 - create IPUIPlugin
2023-11-22 08:39:45,102 [INFO] PluginManager:220 - loadIPPluginJar : add lorawan
2023-11-22 08:39:45,104 [INFO] IPUIPlugin:80 - create IPUIPlugin
2023-11-22 08:39:45,105 [INFO] PluginManager:220 - loadIPPluginJar : add ltdc
2023-11-22 08:39:45,110 [INFO] IPUIPlugin:80 - create IPUIPlugin
2023-11-22 08:39:45,110 [INFO] PluginManager:220 - loadIPPluginJar : add mdma
2023-11-22 08:39:45,115 [INFO] IPUIPlugin:80 - create IPUIPlugin
2023-11-22 08:39:45,116 [INFO] PluginManager:220 - loadIPPluginJar : add nvic
2023-11-22 08:39:45,119 [INFO] IPUIPlugin:80 - create IPUIPlugin
2023-11-22 08:39:45,120 [INFO] PluginManager:220 - loadIPPluginJar : add opamp
2023-11-22 08:39:45,123 [INFO] IPUIPlugin:80 - create IPUIPlugin
2023-11-22 08:39:45,123 [INFO] PluginManager:220 - loadIPPluginJar : add openamp
2023-11-22 08:39:45,126 [INFO] IPUIPlugin:80 - create IPUIPlugin
2023-11-22 08:39:45,127 [INFO] PluginManager:220 - loadIPPluginJar : add pdm2pcm
2023-11-22 08:39:45,134 [INFO] IPUIPlugin:80 - create IPUIPlugin
2023-11-22 08:39:45,137 [INFO] PluginManager:220 - loadIPPluginJar : add plateformsettings
2023-11-22 08:39:45,139 [INFO] IPUIPlugin:80 - create IPUIPlugin
2023-11-22 08:39:45,139 [INFO] PluginManager:220 - loadIPPluginJar : add quadspi
2023-11-22 08:39:45,143 [INFO] IPUIPlugin:80 - create IPUIPlugin
2023-11-22 08:39:45,143 [INFO] PluginManager:220 - loadIPPluginJar : add resmgrutility
2023-11-22 08:39:45,147 [INFO] IPUIPlugin:80 - create IPUIPlugin
2023-11-22 08:39:45,147 [INFO] PluginManager:220 - loadIPPluginJar : add sai
2023-11-22 08:39:45,150 [INFO] IPUIPlugin:80 - create IPUIPlugin
2023-11-22 08:39:45,150 [INFO] PluginManager:220 - loadIPPluginJar : add spi
2023-11-22 08:39:45,155 [INFO] IPUIPlugin:80 - create IPUIPlugin
2023-11-22 08:39:45,155 [INFO] PluginManager:220 - loadIPPluginJar : add stm32_wpan
2023-11-22 08:39:45,158 [INFO] IPUIPlugin:80 - create IPUIPlugin
2023-11-22 08:39:45,158 [INFO] PluginManager:220 - loadIPPluginJar : add tim
2023-11-22 08:39:45,162 [INFO] IPUIPlugin:80 - create IPUIPlugin
2023-11-22 08:39:45,162 [INFO] PluginManager:220 - loadIPPluginJar : add touchsensing
2023-11-22 08:39:45,165 [INFO] IPUIPlugin:80 - create IPUIPlugin
2023-11-22 08:39:45,165 [INFO] PluginManager:220 - loadIPPluginJar : add tracer_emb
2023-11-22 08:39:45,167 [INFO] IPUIPlugin:80 - create IPUIPlugin
2023-11-22 08:39:45,167 [INFO] PluginManager:220 - loadIPPluginJar : add ts
2023-11-22 08:39:45,169 [INFO] IPUIPlugin:80 - create IPUIPlugin
2023-11-22 08:39:45,169 [INFO] PluginManager:220 - loadIPPluginJar : add tsc
2023-11-22 08:39:45,171 [INFO] IPUIPlugin:80 - create IPUIPlugin
2023-11-22 08:39:45,171 [INFO] PluginManager:220 - loadIPPluginJar : add ucpd
2023-11-22 08:39:45,174 [INFO] IPUIPlugin:80 - create IPUIPlugin
2023-11-22 08:39:45,174 [INFO] PluginManager:220 - loadIPPluginJar : add usart
2023-11-22 08:39:45,177 [INFO] IPUIPlugin:80 - create IPUIPlugin
2023-11-22 08:39:45,177 [INFO] PluginManager:220 - loadIPPluginJar : add usbx
2023-11-22 08:39:45,310 [INFO] CADModel:165 - CPN selected for project level
2023-11-22 08:39:45,310 [INFO] CADModel:114 - Register for checkConnection events
2023-11-22 08:39:45,310 [FATAL] Updater:308 - Updater called before beeing initialized
2023-11-22 08:39:45,310 [ERROR] CADModel:125 - Updater not yet initialized, retry later 
2023-11-22 08:39:45,463 [INFO] CADModel:165 - CPN selected for project level
2023-11-22 08:39:45,463 [INFO] CADModel:114 - Register for checkConnection events
2023-11-22 08:39:45,463 [FATAL] Updater:308 - Updater called before beeing initialized
2023-11-22 08:39:45,463 [ERROR] CADModel:125 - Updater not yet initialized, retry later 
2023-11-22 08:39:45,468 [FATAL] Updater:308 - Updater called before beeing initialized
2023-11-22 08:39:45,635 [FATAL] Updater:308 - Updater called before beeing initialized
2023-11-22 08:39:45,641 [INFO] DbMcusAds:53 - JSON generation date=Tue Mar 07 17:50:55 KST 2023 (1678179055335)
2023-11-22 08:39:45,641 [FATAL] Updater:308 - Updater called before beeing initialized
2023-11-22 08:39:45,683 [WARN] DetailPanel:346 - Failed to get advertising image, set to default
2023-11-22 08:39:45,786 [FATAL] Updater:308 - Updater called before beeing initialized
2023-11-22 08:39:45,787 [FATAL] Updater:308 - Updater called before beeing initialized
2023-11-22 08:39:45,788 [FATAL] Updater:308 - Updater called before beeing initialized
2023-11-22 08:39:45,788 [WARN] DetailPanel:346 - Failed to get advertising image, set to default
2023-11-22 08:39:45,789 [FATAL] Updater:308 - Updater called before beeing initialized
2023-11-22 08:39:45,837 [ERROR] Updater:1120 - MainUpdater not yet initialized. External WinMGr cannot be set.
2023-11-22 08:39:45,839 [INFO] Updater:1056 - Updater Version found : 6.9.2
2023-11-22 08:39:45,857 [INFO] ApplicationProperties:184 - Using Application install path: C:\ST\STM32CubeIDE_1.13.2\STM32CubeIDE\plugins\com.st.stm32cube.common.mx_6.9.2.202309101412
2023-11-22 08:39:46,454 [INFO] MainUpdater:2868 - connection check result : 10
2023-11-22 08:39:46,455 [INFO] MainUpdater:285 - Updater Check For Update Now.
2023-11-22 08:39:46,456 [INFO] MicroXplorer:498 - Change Database Version : DB.6.0.92
2023-11-22 08:39:46,461 [INFO] McuFinderGlobals:63 - Set McuFinder mode to 2 (CubeIDE integrated)
2023-11-22 08:39:46,672 [INFO] CheckServerUpdateThread:120 - End of CheckServer Thread
2023-11-22 08:39:47,558 [WARN] PackLoader:240 - Cannot read IP mode file for STMicroelectronics.X-CUBE-SMBUS.2.1.0
2023-11-22 08:39:47,601 [WARN] PackLoader:240 - Cannot read IP mode file for STMicroelectronics.X-CUBE-AZRTOS-F7.1.1.0
2023-11-22 08:39:47,616 [WARN] PackLoader:240 - Cannot read IP mode file for STMicroelectronics.FP-SNS-MOTENV1.4.3.2
2023-11-22 08:39:47,628 [WARN] PackLoader:240 - Cannot read IP mode file for STMicroelectronics.FP-SNS-FLIGHT1.5.0.2
2023-11-22 08:39:47,640 [WARN] PackLoader:240 - Cannot read IP mode file for STMicroelectronics.X-CUBE-DISPLAY.3.0.0
2023-11-22 08:39:47,659 [WARN] PackLoader:240 - Cannot read IP mode file for STMicroelectronics.X-CUBE-BLE1.7.0.0
2023-11-22 08:39:47,668 [WARN] PackLoader:240 - Cannot read IP mode file for emotas.I-CUBE-CANOPEN.1.3.0
2023-11-22 08:39:47,675 [WARN] PackLoader:240 - Cannot read IP mode file for STMicroelectronics.X-CUBE-TOUCHGFX.4.22.1
2023-11-22 08:39:47,682 [WARN] PackLoader:240 - Cannot read IP mode file for STMicroelectronics.FP-SNS-SMARTAG2.1.2.0
2023-11-22 08:39:47,701 [INFO] LogOutputStream:77 - [STDOUT_REDIRECT] 1 : Invalid condition id : UX_CORESTACK_Condition cause : null
2023-11-22 08:39:47,702 [INFO] LogOutputStream:77 - [STDOUT_REDIRECT] 1 : Invalid condition id : UX_CORESTACK_Condition cause : null
2023-11-22 08:39:47,704 [INFO] LogOutputStream:77 - [STDOUT_REDIRECT] 1 : Invalid condition id : UX_CORESTACK_Condition cause : null
2023-11-22 08:39:47,706 [INFO] LogOutputStream:77 - [STDOUT_REDIRECT] 1 : Invalid condition id : UX_CORESTACK_Condition cause : null
2023-11-22 08:39:47,708 [INFO] LogOutputStream:77 - [STDOUT_REDIRECT] 1 : Invalid condition id : UX_CORESTACK_Condition cause : null
2023-11-22 08:39:47,716 [WARN] PackLoader:240 - Cannot read IP mode file for STMicroelectronics.X-CUBE-AZRTOS-WL.2.0.0
2023-11-22 08:39:47,727 [WARN] PackLoader:240 - Cannot read IP mode file for WES.I-CUBE-Cesium.1.3.0
2023-11-22 08:39:47,734 [WARN] PackLoader:240 - Cannot read IP mode file for STMicroelectronics.X-CUBE-BLE2.3.3.0
2023-11-22 08:39:47,743 [WARN] PackLoader:240 - Cannot read IP mode file for STMicroelectronics.X-CUBE-ALGOBUILD.1.3.0
2023-11-22 08:39:47,775 [WARN] PackLoader:240 - Cannot read IP mode file for STMicroelectronics.X-CUBE-AZRTOS-G0.1.1.0
2023-11-22 08:39:47,795 [WARN] PackLoader:240 - Cannot read IP mode file for STMicroelectronics.X-CUBE-NFC4.3.0.0
2023-11-22 08:39:47,811 [WARN] PackLoader:240 - Cannot read IP mode file for STMicroelectronics.X-CUBE-BLEMGR.3.0.0
2023-11-22 08:39:47,820 [WARN] PackLoader:240 - Cannot read IP mode file for STMicroelectronics.FP-ATR-SIGFOX1.3.2.0
2023-11-22 08:39:47,869 [WARN] PackLoader:240 - Cannot read IP mode file for SEGGER.I-CUBE-embOS.1.3.1
2023-11-22 08:39:47,935 [WARN] PackLoader:240 - Cannot read IP mode file for STMicroelectronics.X-CUBE-GNSS1.6.0.0
2023-11-22 08:39:47,960 [WARN] PackLoader:240 - Cannot read IP mode file for STMicroelectronics.X-CUBE-AZRTOS-F4.1.1.0
2023-11-22 08:39:47,971 [WARN] PackLoader:240 - Cannot read IP mode file for wolfSSL.I-CUBE-wolfSSL.5.6.3
2023-11-22 08:39:47,991 [WARN] PackLoader:240 - Cannot read IP mode file for STMicroelectronics.X-CUBE-AZRTOS-L5.2.0.0
2023-11-22 08:39:48,006 [WARN] PackLoader:240 - Cannot read IP mode file for STMicroelectronics.X-CUBE-EEPRMA1.4.2.0
2023-11-22 08:39:48,015 [WARN] PackLoader:240 - Cannot read IP mode file for ITTIA_DB.I-CUBE-ITTIADB.8.8.0
2023-11-22 08:39:48,025 [WARN] PackLoader:240 - Cannot read IP mode file for STMicroelectronics.X-CUBE-BLEMGR.2.0.0
2023-11-22 08:39:48,051 [WARN] ConditionMgr:438 - getConditionDescription Invalid condition id : UX DEVICE CLASS RTOS Condition cause : null
2023-11-22 08:39:48,052 [WARN] ConditionMgr:438 - getConditionDescription Invalid condition id : UX DEVICE CLASS RTOS Condition cause : null
2023-11-22 08:39:48,056 [WARN] PackLoader:240 - Cannot read IP mode file for STMicroelectronics.X-CUBE-AZRTOS-H7.3.1.0
2023-11-22 08:39:48,057 [WARN] ConditionMgr:1039 - genDependencies : Invalid condition id : UX DEVICE CLASS RTOS Condition cause : null
2023-11-22 08:39:48,058 [WARN] ConditionMgr:1039 - genDependencies : Invalid condition id : UX DEVICE CLASS RTOS Condition cause : null
2023-11-22 08:39:48,058 [WARN] ConditionMgr:1039 - genDependencies : Invalid condition id : UX DEVICE CLASS RTOS Condition cause : null
2023-11-22 08:39:48,059 [WARN] ConditionMgr:1039 - genDependencies : Invalid condition id : UX DEVICE CLASS RTOS Condition cause : null
2023-11-22 08:39:48,059 [WARN] ConditionMgr:1039 - genDependencies : Invalid condition id : UX DEVICE CLASS RTOS Condition cause : null
2023-11-22 08:39:48,068 [WARN] PackLoader:240 - Cannot read IP mode file for STMicroelectronics.X-CUBE-NFC7.1.0.1
2023-11-22 08:39:48,078 [WARN] PackLoader:240 - Cannot read IP mode file for STMicroelectronics.X-CUBE-NFC6.3.0.0
2023-11-22 08:39:48,093 [WARN] PackLoader:240 - Cannot read IP mode file for STMicroelectronics.X-CUBE-EEPRMA1.4.1.0
2023-11-22 08:39:48,112 [WARN] PackLoader:240 - Cannot read IP mode file for STMicroelectronics.X-CUBE-AI.8.1.0
2023-11-22 08:39:48,137 [WARN] ConditionMgr:438 - getConditionDescription Invalid condition id : LAN8742 Phy interface Condition cause : null
2023-11-22 08:39:48,138 [WARN] PackLoader:240 - Cannot read IP mode file for STMicroelectronics.X-CUBE-AZRTOS-L4.2.0.0
2023-11-22 08:39:48,140 [WARN] ConditionMgr:1039 - genDependencies : Invalid condition id : LAN8742 Phy interface Condition cause : null
2023-11-22 08:39:48,140 [WARN] ConditionMgr:1039 - genDependencies : Invalid condition id : LAN8742 Phy interface Condition cause : null
2023-11-22 08:39:48,141 [WARN] ConditionMgr:1039 - genDependencies : Invalid condition id : LAN8742 Phy interface Condition cause : null
2023-11-22 08:39:48,151 [WARN] PackLoader:240 - Cannot read IP mode file for STMicroelectronics.X-CUBE-SFXS2LP1.4.0.0
2023-11-22 08:39:48,163 [WARN] PackLoader:240 - Cannot read IP mode file for STMicroelectronics.X-CUBE-ISPU.1.1.0
2023-11-22 08:39:48,183 [WARN] ConditionMgr:438 - getConditionDescription Invalid condition id : UX DEVICE CLASS RTOS Condition cause : null
2023-11-22 08:39:48,183 [WARN] ConditionMgr:438 - getConditionDescription Invalid condition id : UX DEVICE CLASS RTOS Condition cause : null
2023-11-22 08:39:48,186 [WARN] PackLoader:240 - Cannot read IP mode file for STMicroelectronics.X-CUBE-AZRTOS-WB.2.0.0
2023-11-22 08:39:48,187 [WARN] ConditionMgr:1039 - genDependencies : Invalid condition id : UX DEVICE CLASS RTOS Condition cause : null
2023-11-22 08:39:48,187 [WARN] ConditionMgr:1039 - genDependencies : Invalid condition id : UX DEVICE CLASS RTOS Condition cause : null
2023-11-22 08:39:48,188 [WARN] ConditionMgr:1039 - genDependencies : Invalid condition id : UX DEVICE CLASS RTOS Condition cause : null
2023-11-22 08:39:48,189 [WARN] ConditionMgr:1039 - genDependencies : Invalid condition id : UX DEVICE CLASS RTOS Condition cause : null
2023-11-22 08:39:48,189 [WARN] ConditionMgr:1039 - genDependencies : Invalid condition id : UX DEVICE CLASS RTOS Condition cause : null
2023-11-22 08:39:48,204 [WARN] PackLoader:240 - Cannot read IP mode file for STMicroelectronics.X-CUBE-SUBG2.5.0.0
2023-11-22 08:39:48,246 [WARN] PackLoader:240 - Cannot read IP mode file for STMicroelectronics.X-CUBE-TOF1.3.3.1
2023-11-22 08:39:48,297 [WARN] PackLoader:240 - Cannot read IP mode file for STMicroelectronics.X-CUBE-AZRTOS-G4.2.0.0
2023-11-22 08:39:48,311 [WARN] PackLoader:240 - Cannot read IP mode file for Infineon.AIROC-Wi-Fi-Bluetooth-STM32.1.5.1
2023-11-22 08:39:48,319 [WARN] PackLoader:240 - Cannot read IP mode file for STMicroelectronics.FP-SNS-MOTENVWB1.1.3.0
2023-11-22 08:39:48,366 [WARN] PackLoader:240 - Cannot read IP mode file for STMicroelectronics.X-CUBE-MEMS1.10.0.0
2023-11-22 08:39:48,553 [WARN] PackLoader:240 - Cannot read IP mode file for STMicroelectronics.X-CUBE-FREERTOS.1.1.0
2023-11-22 08:39:48,559 [WARN] PackLoader:240 - Cannot read IP mode file for portGmbH.I-Cube-SoM-uGOAL.1.1.0
2023-11-22 08:39:48,565 [WARN] PackLoader:240 - Cannot read IP mode file for STMicroelectronics.X-CUBE-ALS.1.0.1
2023-11-22 08:39:48,570 [WARN] PackLoader:240 - Cannot read IP mode file for STMicroelectronics.FP-ATR-ASTRA1.2.0.0
2023-11-22 08:39:48,572 [INFO] ThirdParty:978 - Integrity check success = true
2023-11-22 08:39:48,572 [INFO] IntegrityCheckThread:100 - exiting critical section [integrity check]
2023-11-22 08:39:48,572 [INFO] IntegrityCheckThread:103 - End integrity checks thread
2023-11-22 08:40:07,465 [ERROR] LogOutputStream:75 - [STDERR_REDIRECT] SLF4J: Failed to load class "org.slf4j.impl.StaticLoggerBinder".
2023-11-22 08:40:07,466 [ERROR] LogOutputStream:75 - [STDERR_REDIRECT] SLF4J: Defaulting to no-operation (NOP) logger implementation
2023-11-22 08:40:07,467 [ERROR] LogOutputStream:75 - [STDERR_REDIRECT] SLF4J: See http://www.slf4j.org/codes.html#StaticLoggerBinder for further details.
2023-11-22 15:42:49,616 [INFO] Activator:176 - 


2023-11-22 15:42:49,618 [INFO] Activator:177 - !SESSION log4j initialized
2023-11-22 15:42:55,842 [INFO] LogOutputStream:77 - [STDOUT_REDIRECT] 
2023-11-22 15:43:04,676 [INFO] ApplicationProperties:184 - Using Application install path: C:\ST\STM32CubeIDE_1.13.2\STM32CubeIDE\plugins\com.st.stm32cube.common.mx_6.9.2.202309101412
2023-11-22 15:43:04,695 [INFO] DbMcusXml:78 - Set database path to: C:\ST\STM32CubeIDE_1.13.2\STM32CubeIDE\plugins\com.st.stm32cube.common.mx_6.9.2.202309101412\\db\/mcu/
2023-11-22 15:43:04,695 [INFO] ApiDb:274 - Set plugin database path to: C:\ST\STM32CubeIDE_1.13.2\STM32CubeIDE\plugins\com.st.stm32cube.common.mx_6.9.2.202309101412\\db\/plugins/boardmanager/
2023-11-22 15:43:04,695 [WARN] ApiDb:259 - Overriding images path with different value:  => C:\ST\STM32CubeIDE_1.13.2\STM32CubeIDE\plugins\com.st.stm32cube.common.mx_6.9.2.202309101412\\db\/plugins/mcufinder/images/
2023-11-22 15:43:04,710 [INFO] ApiDb:250 - Set database path to: C:\Users\박병준\.stmcufinder\plugins\mcufinder//mcu/
2023-11-22 15:43:04,712 [INFO] DbMcusAds:125 - Set database path to: C:\Users\박병준\.stmcufinder\plugins\mcufinder//mcu/
2023-11-22 15:43:04,715 [INFO] CrossReferenceDbSqlite:203 - Set database path to: C:\Users\박병준\.stmcufinder\plugins\mcufinder//mcu/cs/
2023-11-22 15:43:04,851 [INFO] RulesReader:64 - Compatibility file has been processed (293 Rules)
2023-11-22 15:43:04,977 [INFO] DbMcusXml:78 - Set database path to: C:\ST\STM32CubeIDE_1.13.2\STM32CubeIDE\plugins\com.st.stm32cube.common.mx_6.9.2.202309101412\\db\/mcu/
2023-11-22 15:43:04,977 [INFO] ApiDb:274 - Set plugin database path to: C:\ST\STM32CubeIDE_1.13.2\STM32CubeIDE\plugins\com.st.stm32cube.common.mx_6.9.2.202309101412\\db\/plugins/boardmanager/
2023-11-22 15:43:04,978 [INFO] ApiDb:261 - Set plugin images path to: C:\ST\STM32CubeIDE_1.13.2\STM32CubeIDE\plugins\com.st.stm32cube.common.mx_6.9.2.202309101412\\db\/plugins/mcufinder/images/
2023-11-22 15:43:04,978 [WARN] DbFile:41 - Overriding database path with different value: C:\Users\박병준\.stmcufinder\plugins\mcufinder/ => C:\Users\박병준\.stmcufinder\plugins\mcufinder
2023-11-22 15:43:04,978 [INFO] ApiDb:250 - Set database path to: C:\Users\박병준\.stmcufinder\plugins\mcufinder//mcu/
2023-11-22 15:43:04,979 [WARN] DbFile:41 - Overriding database path with different value: C:\Users\박병준\.stmcufinder\plugins\mcufinder/ => C:\Users\박병준\.stmcufinder\plugins\mcufinder
2023-11-22 15:43:04,979 [INFO] DbMcusAds:125 - Set database path to: C:\Users\박병준\.stmcufinder\plugins\mcufinder//mcu/
2023-11-22 15:43:04,979 [WARN] DbFile:41 - Overriding database path with different value: C:\Users\박병준\.stmcufinder\plugins\mcufinder/ => C:\Users\박병준\.stmcufinder\plugins\mcufinder
2023-11-22 15:43:04,979 [WARN] DbFile:41 - Overriding database path with different value: C:\Users\박병준\.stmcufinder\plugins\mcufinder/ => C:\Users\박병준\.stmcufinder\plugins\mcufinder
2023-11-22 15:43:04,979 [INFO] CrossReferenceDbSqlite:203 - Set database path to: C:\Users\박병준\.stmcufinder\plugins\mcufinder//mcu/cs/
2023-11-22 15:43:05,068 [INFO] MainPanel:262 - HeapMemory: 268435456
2023-11-22 15:43:05,165 [INFO] DbMcusXml:78 - Set database path to: C:\ST\STM32CubeIDE_1.13.2\STM32CubeIDE\plugins\com.st.stm32cube.common.mx_6.9.2.202309101412\\db\/mcu/
2023-11-22 15:43:05,165 [INFO] ApiDb:274 - Set plugin database path to: C:\ST\STM32CubeIDE_1.13.2\STM32CubeIDE\plugins\com.st.stm32cube.common.mx_6.9.2.202309101412\\db\/plugins/boardmanager/
2023-11-22 15:43:05,165 [INFO] ApiDb:261 - Set plugin images path to: C:\ST\STM32CubeIDE_1.13.2\STM32CubeIDE\plugins\com.st.stm32cube.common.mx_6.9.2.202309101412\\db\/plugins/mcufinder/images/
2023-11-22 15:43:05,166 [WARN] DbFile:41 - Overriding database path with different value: C:\Users\박병준\.stmcufinder\plugins\mcufinder/ => C:\Users\박병준\.stmcufinder\plugins\mcufinder
2023-11-22 15:43:05,166 [INFO] ApiDb:250 - Set database path to: C:\Users\박병준\.stmcufinder\plugins\mcufinder//mcu/
2023-11-22 15:43:05,166 [WARN] DbFile:41 - Overriding database path with different value: C:\Users\박병준\.stmcufinder\plugins\mcufinder/ => C:\Users\박병준\.stmcufinder\plugins\mcufinder
2023-11-22 15:43:05,166 [INFO] DbMcusAds:125 - Set database path to: C:\Users\박병준\.stmcufinder\plugins\mcufinder//mcu/
2023-11-22 15:43:05,166 [WARN] DbFile:41 - Overriding database path with different value: C:\Users\박병준\.stmcufinder\plugins\mcufinder/ => C:\Users\박병준\.stmcufinder\plugins\mcufinder
2023-11-22 15:43:05,166 [WARN] DbFile:41 - Overriding database path with different value: C:\Users\박병준\.stmcufinder\plugins\mcufinder/ => C:\Users\박병준\.stmcufinder\plugins\mcufinder
2023-11-22 15:43:05,167 [INFO] CrossReferenceDbSqlite:203 - Set database path to: C:\Users\박병준\.stmcufinder\plugins\mcufinder//mcu/cs/
2023-11-22 15:43:05,185 [INFO] ApplicationProperties:184 - Using Application install path: C:\ST\STM32CubeIDE_1.13.2\STM32CubeIDE\plugins\com.st.stm32cube.common.mx_6.9.2.202309101412
2023-11-22 15:43:05,186 [INFO] PluginManage:196 - Search for loadable plugins [exclusion list=, ]
2023-11-22 15:43:05,188 [INFO] PluginManage:310 - Check plugin analytics
2023-11-22 15:43:09,931 [INFO] AnalyticsPlugin:253 - Accepted Software Licenses: STM32CubeMX.6.9.2
2023-11-22 15:43:09,931 [INFO] AnalyticsPlugin:255 - Accepted CMSIS Pack Licenses: 
2023-11-22 15:43:09,932 [INFO] AnalyticsPlugin:257 - Accepted Firmware Licenses: FW.F4.1.27.0
2023-11-22 15:43:09,935 [INFO] PluginManage:359 - Loaded plugin analytics (category:tool,tabindex:-1)
2023-11-22 15:43:09,936 [INFO] PluginManage:310 - Check plugin cadmodel
2023-11-22 15:43:09,951 [INFO] CADModel:105 - Init CAD model plugin
2023-11-22 15:43:09,952 [INFO] PluginManage:359 - Loaded plugin cadmodel (category:power,tabindex:5)
2023-11-22 15:43:09,952 [INFO] PluginManage:310 - Check plugin clock
2023-11-22 15:43:09,976 [INFO] PluginManage:359 - Loaded plugin clock (category:base,tabindex:2)
2023-11-22 15:43:09,976 [INFO] PluginManage:310 - Check plugin ddr
2023-11-22 15:43:09,980 [INFO] PluginManage:359 - Loaded plugin ddr (category:tool,tabindex:6)
2023-11-22 15:43:09,980 [INFO] PluginManage:310 - Check plugin filemanager
2023-11-22 15:43:10,150 [INFO] PluginManage:359 - Loaded plugin filemanager (category:base,tabindex:10)
2023-11-22 15:43:10,151 [INFO] PluginManage:310 - Check plugin ipmanager
2023-11-22 15:43:10,157 [INFO] PluginManage:359 - Loaded plugin ipmanager (category:base,tabindex:5)
2023-11-22 15:43:10,157 [INFO] PluginManage:310 - Check plugin lpbam
2023-11-22 15:43:10,172 [INFO] PluginManage:359 - Loaded plugin lpbam (category:base,tabindex:0)
2023-11-22 15:43:10,172 [INFO] PluginManage:310 - Check plugin memorymap
2023-11-22 15:43:10,190 [INFO] PluginManage:359 - Loaded plugin memorymap (category:base,tabindex:4)
2023-11-22 15:43:10,190 [INFO] PluginManage:310 - Check plugin pinoutandconfiguration
2023-11-22 15:43:10,209 [INFO] PluginManage:359 - Loaded plugin pinoutandconfiguration (category:base,tabindex:1)
2023-11-22 15:43:10,209 [INFO] PluginManage:310 - Check plugin pinoutconfig
2023-11-22 15:43:10,306 [WARN] SupportedApi:132 - Cannot load RTOS API schema: s4s-elt-must-match.1: The content of 'definitions' must match (annotation?, (simpleType | complexType)?, (unique | key | keyref)*)). A problem was found starting at: attribute.
2023-11-22 15:43:10,435 [INFO] PluginManage:359 - Loaded plugin pinoutconfig (category:base,tabindex:0)
2023-11-22 15:43:10,435 [INFO] PluginManage:310 - Check plugin power
2023-11-22 15:43:10,453 [INFO] PluginManage:359 - Loaded plugin power (category:power,tabindex:4)
2023-11-22 15:43:10,454 [INFO] PluginManage:310 - Check plugin projectmanager
2023-11-22 15:43:10,471 [INFO] PluginManage:359 - Loaded plugin projectmanager (category:projectmanager,tabindex:3)
2023-11-22 15:43:10,471 [INFO] PluginManage:310 - Check plugin thirdparty
2023-11-22 15:43:10,738 [INFO] PluginManage:359 - Loaded plugin thirdparty (category:base,tabindex:-1)
2023-11-22 15:43:10,738 [WARN] IntegrityCheckThread:84 - waiting for thirdparty lock release [integrity check]
2023-11-22 15:43:10,738 [INFO] PluginManage:310 - Check plugin tools
2023-11-22 15:43:10,738 [INFO] IntegrityCheckThread:86 - entering critical section [integrity check]
2023-11-22 15:43:10,739 [INFO] ThirdPartyUpdaterWithRetryManager:70 - Updater plugin not ready yet. [1/15]
2023-11-22 15:43:10,769 [INFO] PluginManage:359 - Loaded plugin tools (category:base,tabindex:7)
2023-11-22 15:43:10,770 [INFO] PluginManage:310 - Check plugin tutovideos
2023-11-22 15:43:10,928 [INFO] PluginManage:359 - Loaded plugin tutovideos (category:base,tabindex:-1)
2023-11-22 15:43:10,928 [INFO] PluginManage:310 - Check plugin updater
2023-11-22 15:43:10,937 [INFO] PluginManage:359 - Loaded plugin updater (category:base,tabindex:12)
2023-11-22 15:43:10,937 [INFO] PluginManage:310 - Check plugin userauth
2023-11-22 15:43:10,941 [INFO] UserAuth:113 - Init User Auth plugin
2023-11-22 15:43:10,941 [INFO] PluginManage:359 - Loaded plugin userauth (category:base,tabindex:14)
2023-11-22 15:43:10,942 [INFO] PluginManage:283 - PluginManage : Loaded plugins [17]
2023-11-22 15:43:11,166 [INFO] PinOutPanel:1499 - setPackage(No Configuration,No Configuration)
2023-11-22 15:43:11,295 [INFO] CADModel:165 - CPN selected for project level
2023-11-22 15:43:11,295 [INFO] CADModel:114 - Register for checkConnection events
2023-11-22 15:43:11,317 [INFO] IPUIPlugin:80 - create IPUIPlugin
2023-11-22 15:43:11,317 [INFO] PluginManager:220 - loadIPPluginJar : add adc
2023-11-22 15:43:11,349 [INFO] IPUIPlugin:80 - create IPUIPlugin
2023-11-22 15:43:11,349 [INFO] PluginManager:220 - loadIPPluginJar : add aes
2023-11-22 15:43:11,386 [INFO] IPUIPlugin:80 - create IPUIPlugin
2023-11-22 15:43:11,386 [INFO] PluginManager:220 - loadIPPluginJar : add can
2023-11-22 15:43:11,408 [INFO] IPUIPlugin:80 - create IPUIPlugin
2023-11-22 15:43:11,408 [INFO] PluginManager:220 - loadIPPluginJar : add comp
2023-11-22 15:43:11,440 [INFO] IPUIPlugin:80 - create IPUIPlugin
2023-11-22 15:43:11,440 [INFO] PluginManager:220 - loadIPPluginJar : add cryp
2023-11-22 15:43:11,470 [INFO] IPUIPlugin:80 - create IPUIPlugin
2023-11-22 15:43:11,470 [INFO] PluginManager:220 - loadIPPluginJar : add dfsdm
2023-11-22 15:43:11,483 [INFO] IPUIPlugin:80 - create IPUIPlugin
2023-11-22 15:43:11,484 [INFO] PluginManager:220 - loadIPPluginJar : add dma
2023-11-22 15:43:11,528 [INFO] IPUIPlugin:80 - create IPUIPlugin
2023-11-22 15:43:11,528 [INFO] PluginManager:220 - loadIPPluginJar : add dma3
2023-11-22 15:43:11,548 [INFO] IPUIPlugin:80 - create IPUIPlugin
2023-11-22 15:43:11,548 [INFO] PluginManager:220 - loadIPPluginJar : add fatfs
2023-11-22 15:43:11,591 [INFO] IPUIPlugin:80 - create IPUIPlugin
2023-11-22 15:43:11,591 [INFO] PluginManager:220 - loadIPPluginJar : add fmc
2023-11-22 15:43:11,604 [INFO] IPUIPlugin:80 - create IPUIPlugin
2023-11-22 15:43:11,605 [INFO] PluginManager:220 - loadIPPluginJar : add freertos
2023-11-22 15:43:11,623 [INFO] IPUIPlugin:80 - create IPUIPlugin
2023-11-22 15:43:11,623 [INFO] PluginManager:220 - loadIPPluginJar : add genericplugin
2023-11-22 15:43:11,694 [INFO] IPUIPlugin:80 - create IPUIPlugin
2023-11-22 15:43:11,695 [INFO] PluginManager:220 - loadIPPluginJar : add gfxmmu
2023-11-22 15:43:11,806 [INFO] IPUIPlugin:80 - create IPUIPlugin
2023-11-22 15:43:11,806 [INFO] PluginManager:220 - loadIPPluginJar : add gic
2023-11-22 15:43:11,818 [INFO] IPUIPlugin:80 - create IPUIPlugin
2023-11-22 15:43:11,818 [INFO] PluginManager:220 - loadIPPluginJar : add gpio
2023-11-22 15:43:11,898 [INFO] IPUIPlugin:80 - create IPUIPlugin
2023-11-22 15:43:11,898 [INFO] PluginManager:220 - loadIPPluginJar : add gtzc
2023-11-22 15:43:11,925 [INFO] IPUIPlugin:80 - create IPUIPlugin
2023-11-22 15:43:11,925 [INFO] PluginManager:220 - loadIPPluginJar : add hash
2023-11-22 15:43:11,965 [INFO] IPUIPlugin:80 - create IPUIPlugin
2023-11-22 15:43:11,965 [INFO] PluginManager:220 - loadIPPluginJar : add i2c
2023-11-22 15:43:11,996 [INFO] IPUIPlugin:80 - create IPUIPlugin
2023-11-22 15:43:11,996 [INFO] PluginManager:220 - loadIPPluginJar : add i2s
2023-11-22 15:43:12,029 [INFO] IPUIPlugin:80 - create IPUIPlugin
2023-11-22 15:43:12,029 [INFO] PluginManager:220 - loadIPPluginJar : add i3c
2023-11-22 15:43:12,120 [INFO] IPUIPlugin:80 - create IPUIPlugin
2023-11-22 15:43:12,120 [INFO] PluginManager:220 - loadIPPluginJar : add ipddr
2023-11-22 15:43:12,205 [INFO] IPUIPlugin:80 - create IPUIPlugin
2023-11-22 15:43:12,205 [INFO] PluginManager:220 - loadIPPluginJar : add linkedlist
2023-11-22 15:43:12,242 [INFO] IPUIPlugin:80 - create IPUIPlugin
2023-11-22 15:43:12,242 [INFO] PluginManager:220 - loadIPPluginJar : add lorawan
2023-11-22 15:43:12,277 [INFO] IPUIPlugin:80 - create IPUIPlugin
2023-11-22 15:43:12,277 [INFO] PluginManager:220 - loadIPPluginJar : add ltdc
2023-11-22 15:43:12,290 [INFO] IPUIPlugin:80 - create IPUIPlugin
2023-11-22 15:43:12,290 [INFO] PluginManager:220 - loadIPPluginJar : add mdma
2023-11-22 15:43:12,302 [INFO] IPUIPlugin:80 - create IPUIPlugin
2023-11-22 15:43:12,302 [INFO] PluginManager:220 - loadIPPluginJar : add nvic
2023-11-22 15:43:12,343 [INFO] IPUIPlugin:80 - create IPUIPlugin
2023-11-22 15:43:12,343 [INFO] PluginManager:220 - loadIPPluginJar : add opamp
2023-11-22 15:43:12,396 [INFO] IPUIPlugin:80 - create IPUIPlugin
2023-11-22 15:43:12,397 [INFO] PluginManager:220 - loadIPPluginJar : add openamp
2023-11-22 15:43:12,433 [INFO] IPUIPlugin:80 - create IPUIPlugin
2023-11-22 15:43:12,433 [INFO] PluginManager:220 - loadIPPluginJar : add pdm2pcm
2023-11-22 15:43:12,446 [INFO] IPUIPlugin:80 - create IPUIPlugin
2023-11-22 15:43:12,448 [INFO] PluginManager:220 - loadIPPluginJar : add plateformsettings
2023-11-22 15:43:12,469 [INFO] IPUIPlugin:80 - create IPUIPlugin
2023-11-22 15:43:12,469 [INFO] PluginManager:220 - loadIPPluginJar : add quadspi
2023-11-22 15:43:12,481 [INFO] IPUIPlugin:80 - create IPUIPlugin
2023-11-22 15:43:12,481 [INFO] PluginManager:220 - loadIPPluginJar : add resmgrutility
2023-11-22 15:43:12,528 [INFO] IPUIPlugin:80 - create IPUIPlugin
2023-11-22 15:43:12,529 [INFO] PluginManager:220 - loadIPPluginJar : add sai
2023-11-22 15:43:12,566 [INFO] IPUIPlugin:80 - create IPUIPlugin
2023-11-22 15:43:12,566 [INFO] PluginManager:220 - loadIPPluginJar : add spi
2023-11-22 15:43:12,626 [INFO] IPUIPlugin:80 - create IPUIPlugin
2023-11-22 15:43:12,626 [INFO] PluginManager:220 - loadIPPluginJar : add stm32_wpan
2023-11-22 15:43:12,649 [INFO] IPUIPlugin:80 - create IPUIPlugin
2023-11-22 15:43:12,649 [INFO] PluginManager:220 - loadIPPluginJar : add tim
2023-11-22 15:43:12,696 [INFO] IPUIPlugin:80 - create IPUIPlugin
2023-11-22 15:43:12,696 [INFO] PluginManager:220 - loadIPPluginJar : add touchsensing
2023-11-22 15:43:12,714 [INFO] IPUIPlugin:80 - create IPUIPlugin
2023-11-22 15:43:12,715 [INFO] PluginManager:220 - loadIPPluginJar : add tracer_emb
2023-11-22 15:43:12,737 [INFO] IPUIPlugin:80 - create IPUIPlugin
2023-11-22 15:43:12,737 [INFO] PluginManager:220 - loadIPPluginJar : add ts
2023-11-22 15:43:12,757 [INFO] IPUIPlugin:80 - create IPUIPlugin
2023-11-22 15:43:12,757 [INFO] PluginManager:220 - loadIPPluginJar : add tsc
2023-11-22 15:43:12,760 [INFO] IPUIPlugin:80 - create IPUIPlugin
2023-11-22 15:43:12,760 [INFO] PluginManager:220 - loadIPPluginJar : add ucpd
2023-11-22 15:43:12,801 [INFO] IPUIPlugin:80 - create IPUIPlugin
2023-11-22 15:43:12,801 [INFO] PluginManager:220 - loadIPPluginJar : add usart
2023-11-22 15:43:12,837 [INFO] IPUIPlugin:80 - create IPUIPlugin
2023-11-22 15:43:12,837 [INFO] PluginManager:220 - loadIPPluginJar : add usbx
2023-11-22 15:43:12,991 [INFO] CADModel:165 - CPN selected for project level
2023-11-22 15:43:12,991 [INFO] CADModel:114 - Register for checkConnection events
2023-11-22 15:43:12,992 [FATAL] Updater:308 - Updater called before beeing initialized
2023-11-22 15:43:12,992 [ERROR] CADModel:125 - Updater not yet initialized, retry later 
2023-11-22 15:43:13,166 [INFO] CADModel:165 - CPN selected for project level
2023-11-22 15:43:13,166 [INFO] CADModel:114 - Register for checkConnection events
2023-11-22 15:43:13,166 [FATAL] Updater:308 - Updater called before beeing initialized
2023-11-22 15:43:13,166 [ERROR] CADModel:125 - Updater not yet initialized, retry later 
2023-11-22 15:43:13,169 [FATAL] Updater:308 - Updater called before beeing initialized
2023-11-22 15:43:13,277 [FATAL] Updater:308 - Updater called before beeing initialized
2023-11-22 15:43:13,289 [INFO] DbMcusAds:53 - JSON generation date=Tue Mar 07 17:50:55 KST 2023 (1678179055335)
2023-11-22 15:43:13,289 [FATAL] Updater:308 - Updater called before beeing initialized
2023-11-22 15:43:13,324 [WARN] DetailPanel:346 - Failed to get advertising image, set to default
2023-11-22 15:43:13,418 [FATAL] Updater:308 - Updater called before beeing initialized
2023-11-22 15:43:13,419 [FATAL] Updater:308 - Updater called before beeing initialized
2023-11-22 15:43:13,419 [FATAL] Updater:308 - Updater called before beeing initialized
2023-11-22 15:43:13,419 [WARN] DetailPanel:346 - Failed to get advertising image, set to default
2023-11-22 15:43:13,420 [FATAL] Updater:308 - Updater called before beeing initialized
2023-11-22 15:43:13,480 [ERROR] Updater:1120 - MainUpdater not yet initialized. External WinMGr cannot be set.
2023-11-22 15:43:13,491 [INFO] Updater:1056 - Updater Version found : 6.9.2
2023-11-22 15:43:13,508 [INFO] ApplicationProperties:184 - Using Application install path: C:\ST\STM32CubeIDE_1.13.2\STM32CubeIDE\plugins\com.st.stm32cube.common.mx_6.9.2.202309101412
2023-11-22 15:43:13,742 [INFO] ThirdPartyUpdaterWithRetryManager:70 - Updater plugin not ready yet. [2/15]
2023-11-22 15:43:13,852 [INFO] MainUpdater:2868 - connection check result : 10
2023-11-22 15:43:13,855 [INFO] MainUpdater:285 - Updater Check For Update Now.
2023-11-22 15:43:13,856 [INFO] MicroXplorer:498 - Change Database Version : DB.6.0.92
2023-11-22 15:43:13,879 [INFO] McuFinderGlobals:63 - Set McuFinder mode to 2 (CubeIDE integrated)
2023-11-22 15:43:14,122 [INFO] CheckServerUpdateThread:120 - End of CheckServer Thread
2023-11-22 15:43:16,917 [WARN] PackLoader:240 - Cannot read IP mode file for STMicroelectronics.X-CUBE-SMBUS.2.1.0
2023-11-22 15:43:16,959 [WARN] PackLoader:240 - Cannot read IP mode file for STMicroelectronics.X-CUBE-AZRTOS-F7.1.1.0
2023-11-22 15:43:17,006 [WARN] PackLoader:240 - Cannot read IP mode file for STMicroelectronics.FP-SNS-MOTENV1.4.3.2
2023-11-22 15:43:17,023 [WARN] PackLoader:240 - Cannot read IP mode file for STMicroelectronics.FP-SNS-FLIGHT1.5.0.2
2023-11-22 15:43:17,042 [WARN] PackLoader:240 - Cannot read IP mode file for STMicroelectronics.X-CUBE-DISPLAY.3.0.0
2023-11-22 15:43:17,067 [WARN] PackLoader:240 - Cannot read IP mode file for STMicroelectronics.X-CUBE-BLE1.7.0.0
2023-11-22 15:43:17,085 [WARN] PackLoader:240 - Cannot read IP mode file for emotas.I-CUBE-CANOPEN.1.3.0
2023-11-22 15:43:17,098 [WARN] PackLoader:240 - Cannot read IP mode file for STMicroelectronics.X-CUBE-TOUCHGFX.4.22.1
2023-11-22 15:43:17,109 [WARN] PackLoader:240 - Cannot read IP mode file for STMicroelectronics.FP-SNS-SMARTAG2.1.2.0
2023-11-22 15:43:17,132 [INFO] LogOutputStream:77 - [STDOUT_REDIRECT] 1 : Invalid condition id : UX_CORESTACK_Condition cause : null
2023-11-22 15:43:17,133 [INFO] LogOutputStream:77 - [STDOUT_REDIRECT] 1 : Invalid condition id : UX_CORESTACK_Condition cause : null
2023-11-22 15:43:17,134 [INFO] LogOutputStream:77 - [STDOUT_REDIRECT] 1 : Invalid condition id : UX_CORESTACK_Condition cause : null
2023-11-22 15:43:17,136 [INFO] LogOutputStream:77 - [STDOUT_REDIRECT] 1 : Invalid condition id : UX_CORESTACK_Condition cause : null
2023-11-22 15:43:17,137 [INFO] LogOutputStream:77 - [STDOUT_REDIRECT] 1 : Invalid condition id : UX_CORESTACK_Condition cause : null
2023-11-22 15:43:17,141 [WARN] PackLoader:240 - Cannot read IP mode file for STMicroelectronics.X-CUBE-AZRTOS-WL.2.0.0
2023-11-22 15:43:17,162 [WARN] PackLoader:240 - Cannot read IP mode file for WES.I-CUBE-Cesium.1.3.0
2023-11-22 15:43:17,176 [WARN] PackLoader:240 - Cannot read IP mode file for STMicroelectronics.X-CUBE-BLE2.3.3.0
2023-11-22 15:43:17,191 [WARN] PackLoader:240 - Cannot read IP mode file for STMicroelectronics.X-CUBE-ALGOBUILD.1.3.0
2023-11-22 15:43:17,220 [WARN] PackLoader:240 - Cannot read IP mode file for STMicroelectronics.X-CUBE-AZRTOS-G0.1.1.0
2023-11-22 15:43:17,240 [WARN] PackLoader:240 - Cannot read IP mode file for STMicroelectronics.X-CUBE-NFC4.3.0.0
2023-11-22 15:43:17,263 [WARN] PackLoader:240 - Cannot read IP mode file for STMicroelectronics.X-CUBE-BLEMGR.3.0.0
2023-11-22 15:43:17,282 [WARN] PackLoader:240 - Cannot read IP mode file for STMicroelectronics.FP-ATR-SIGFOX1.3.2.0
2023-11-22 15:43:17,326 [WARN] PackLoader:240 - Cannot read IP mode file for SEGGER.I-CUBE-embOS.1.3.1
2023-11-22 15:43:17,401 [WARN] PackLoader:240 - Cannot read IP mode file for STMicroelectronics.X-CUBE-GNSS1.6.0.0
2023-11-22 15:43:17,437 [WARN] PackLoader:240 - Cannot read IP mode file for STMicroelectronics.X-CUBE-AZRTOS-F4.1.1.0
2023-11-22 15:43:17,466 [WARN] PackLoader:240 - Cannot read IP mode file for wolfSSL.I-CUBE-wolfSSL.5.6.3
2023-11-22 15:43:17,511 [WARN] PackLoader:240 - Cannot read IP mode file for STMicroelectronics.X-CUBE-AZRTOS-L5.2.0.0
2023-11-22 15:43:17,560 [WARN] PackLoader:240 - Cannot read IP mode file for STMicroelectronics.X-CUBE-EEPRMA1.4.2.0
2023-11-22 15:43:17,575 [WARN] PackLoader:240 - Cannot read IP mode file for ITTIA_DB.I-CUBE-ITTIADB.8.8.0
2023-11-22 15:43:17,592 [WARN] PackLoader:240 - Cannot read IP mode file for STMicroelectronics.X-CUBE-BLEMGR.2.0.0
2023-11-22 15:43:17,623 [WARN] ConditionMgr:438 - getConditionDescription Invalid condition id : UX DEVICE CLASS RTOS Condition cause : null
2023-11-22 15:43:17,624 [WARN] ConditionMgr:438 - getConditionDescription Invalid condition id : UX DEVICE CLASS RTOS Condition cause : null
2023-11-22 15:43:17,626 [WARN] PackLoader:240 - Cannot read IP mode file for STMicroelectronics.X-CUBE-AZRTOS-H7.3.1.0
2023-11-22 15:43:17,627 [WARN] ConditionMgr:1039 - genDependencies : Invalid condition id : UX DEVICE CLASS RTOS Condition cause : null
2023-11-22 15:43:17,627 [WARN] ConditionMgr:1039 - genDependencies : Invalid condition id : UX DEVICE CLASS RTOS Condition cause : null
2023-11-22 15:43:17,628 [WARN] ConditionMgr:1039 - genDependencies : Invalid condition id : UX DEVICE CLASS RTOS Condition cause : null
2023-11-22 15:43:17,628 [WARN] ConditionMgr:1039 - genDependencies : Invalid condition id : UX DEVICE CLASS RTOS Condition cause : null
2023-11-22 15:43:17,628 [WARN] ConditionMgr:1039 - genDependencies : Invalid condition id : UX DEVICE CLASS RTOS Condition cause : null
2023-11-22 15:43:17,647 [WARN] PackLoader:240 - Cannot read IP mode file for STMicroelectronics.X-CUBE-NFC7.1.0.1
2023-11-22 15:43:17,667 [WARN] PackLoader:240 - Cannot read IP mode file for STMicroelectronics.X-CUBE-NFC6.3.0.0
2023-11-22 15:43:17,686 [WARN] PackLoader:240 - Cannot read IP mode file for STMicroelectronics.X-CUBE-EEPRMA1.4.1.0
2023-11-22 15:43:17,704 [WARN] PackLoader:240 - Cannot read IP mode file for STMicroelectronics.X-CUBE-AI.8.1.0
2023-11-22 15:43:17,733 [WARN] ConditionMgr:438 - getConditionDescription Invalid condition id : LAN8742 Phy interface Condition cause : null
2023-11-22 15:43:17,733 [WARN] PackLoader:240 - Cannot read IP mode file for STMicroelectronics.X-CUBE-AZRTOS-L4.2.0.0
2023-11-22 15:43:17,734 [WARN] ConditionMgr:1039 - genDependencies : Invalid condition id : LAN8742 Phy interface Condition cause : null
2023-11-22 15:43:17,735 [WARN] ConditionMgr:1039 - genDependencies : Invalid condition id : LAN8742 Phy interface Condition cause : null
2023-11-22 15:43:17,735 [WARN] ConditionMgr:1039 - genDependencies : Invalid condition id : LAN8742 Phy interface Condition cause : null
2023-11-22 15:43:17,752 [WARN] PackLoader:240 - Cannot read IP mode file for STMicroelectronics.X-CUBE-SFXS2LP1.4.0.0
2023-11-22 15:43:17,765 [WARN] PackLoader:240 - Cannot read IP mode file for STMicroelectronics.X-CUBE-ISPU.1.1.0
2023-11-22 15:43:17,818 [WARN] ConditionMgr:438 - getConditionDescription Invalid condition id : UX DEVICE CLASS RTOS Condition cause : null
2023-11-22 15:43:17,818 [WARN] ConditionMgr:438 - getConditionDescription Invalid condition id : UX DEVICE CLASS RTOS Condition cause : null
2023-11-22 15:43:17,820 [WARN] PackLoader:240 - Cannot read IP mode file for STMicroelectronics.X-CUBE-AZRTOS-WB.2.0.0
2023-11-22 15:43:17,821 [WARN] ConditionMgr:1039 - genDependencies : Invalid condition id : UX DEVICE CLASS RTOS Condition cause : null
2023-11-22 15:43:17,821 [WARN] ConditionMgr:1039 - genDependencies : Invalid condition id : UX DEVICE CLASS RTOS Condition cause : null
2023-11-22 15:43:17,822 [WARN] ConditionMgr:1039 - genDependencies : Invalid condition id : UX DEVICE CLASS RTOS Condition cause : null
2023-11-22 15:43:17,822 [WARN] ConditionMgr:1039 - genDependencies : Invalid condition id : UX DEVICE CLASS RTOS Condition cause : null
2023-11-22 15:43:17,822 [WARN] ConditionMgr:1039 - genDependencies : Invalid condition id : UX DEVICE CLASS RTOS Condition cause : null
2023-11-22 15:43:17,842 [WARN] PackLoader:240 - Cannot read IP mode file for STMicroelectronics.X-CUBE-SUBG2.5.0.0
2023-11-22 15:43:17,871 [WARN] PackLoader:240 - Cannot read IP mode file for STMicroelectronics.X-CUBE-TOF1.3.3.1
2023-11-22 15:43:17,901 [WARN] PackLoader:240 - Cannot read IP mode file for STMicroelectronics.X-CUBE-AZRTOS-G4.2.0.0
2023-11-22 15:43:17,928 [WARN] PackLoader:240 - Cannot read IP mode file for Infineon.AIROC-Wi-Fi-Bluetooth-STM32.1.5.1
2023-11-22 15:43:17,943 [WARN] PackLoader:240 - Cannot read IP mode file for STMicroelectronics.FP-SNS-MOTENVWB1.1.3.0
2023-11-22 15:43:17,988 [WARN] PackLoader:240 - Cannot read IP mode file for STMicroelectronics.X-CUBE-MEMS1.10.0.0
2023-11-22 15:43:18,099 [WARN] PackLoader:240 - Cannot read IP mode file for STMicroelectronics.X-CUBE-FREERTOS.1.1.0
2023-11-22 15:43:18,116 [WARN] PackLoader:240 - Cannot read IP mode file for portGmbH.I-Cube-SoM-uGOAL.1.1.0
2023-11-22 15:43:18,134 [WARN] PackLoader:240 - Cannot read IP mode file for STMicroelectronics.X-CUBE-ALS.1.0.1
2023-11-22 15:43:18,151 [WARN] PackLoader:240 - Cannot read IP mode file for STMicroelectronics.FP-ATR-ASTRA1.2.0.0
2023-11-22 15:43:18,152 [INFO] ThirdParty:978 - Integrity check success = true
2023-11-22 15:43:18,152 [INFO] IntegrityCheckThread:100 - exiting critical section [integrity check]
2023-11-22 15:43:18,153 [INFO] IntegrityCheckThread:103 - End integrity checks thread
2023-11-22 15:43:34,962 [ERROR] LogOutputStream:75 - [STDERR_REDIRECT] SLF4J: Failed to load class "org.slf4j.impl.StaticLoggerBinder".
2023-11-22 15:43:34,962 [ERROR] LogOutputStream:75 - [STDERR_REDIRECT] SLF4J: Defaulting to no-operation (NOP) logger implementation
2023-11-22 15:43:34,963 [ERROR] LogOutputStream:75 - [STDERR_REDIRECT] SLF4J: See http://www.slf4j.org/codes.html#StaticLoggerBinder for further details.
