2023-11-23 10:07:28,823 [INFO] Activator:176 - 


2023-11-23 10:07:28,830 [INFO] Activator:177 - !SESSION log4j initialized
2023-11-23 10:07:35,093 [INFO] LogOutputStream:77 - [STDOUT_REDIRECT] 
2023-11-23 10:07:44,374 [INFO] ApplicationProperties:184 - Using Application install path: C:\ST\STM32CubeIDE_1.13.2\STM32CubeIDE\plugins\com.st.stm32cube.common.mx_6.9.2.202309101412
2023-11-23 10:07:44,403 [INFO] DbMcusXml:78 - Set database path to: C:\ST\STM32CubeIDE_1.13.2\STM32CubeIDE\plugins\com.st.stm32cube.common.mx_6.9.2.202309101412\\db\/mcu/
2023-11-23 10:07:44,404 [INFO] ApiDb:274 - Set plugin database path to: C:\ST\STM32CubeIDE_1.13.2\STM32CubeIDE\plugins\com.st.stm32cube.common.mx_6.9.2.202309101412\\db\/plugins/boardmanager/
2023-11-23 10:07:44,404 [WARN] ApiDb:259 - Overriding images path with different value:  => C:\ST\STM32CubeIDE_1.13.2\STM32CubeIDE\plugins\com.st.stm32cube.common.mx_6.9.2.202309101412\\db\/plugins/mcufinder/images/
2023-11-23 10:07:44,422 [INFO] ApiDb:250 - Set database path to: C:\Users\박병준\.stmcufinder\plugins\mcufinder//mcu/
2023-11-23 10:07:44,424 [INFO] DbMcusAds:125 - Set database path to: C:\Users\박병준\.stmcufinder\plugins\mcufinder//mcu/
2023-11-23 10:07:44,426 [INFO] CrossReferenceDbSqlite:203 - Set database path to: C:\Users\박병준\.stmcufinder\plugins\mcufinder//mcu/cs/
2023-11-23 10:07:44,577 [INFO] RulesReader:64 - Compatibility file has been processed (293 Rules)
2023-11-23 10:07:44,687 [INFO] DbMcusXml:78 - Set database path to: C:\ST\STM32CubeIDE_1.13.2\STM32CubeIDE\plugins\com.st.stm32cube.common.mx_6.9.2.202309101412\\db\/mcu/
2023-11-23 10:07:44,687 [INFO] ApiDb:274 - Set plugin database path to: C:\ST\STM32CubeIDE_1.13.2\STM32CubeIDE\plugins\com.st.stm32cube.common.mx_6.9.2.202309101412\\db\/plugins/boardmanager/
2023-11-23 10:07:44,688 [INFO] ApiDb:261 - Set plugin images path to: C:\ST\STM32CubeIDE_1.13.2\STM32CubeIDE\plugins\com.st.stm32cube.common.mx_6.9.2.202309101412\\db\/plugins/mcufinder/images/
2023-11-23 10:07:44,688 [WARN] DbFile:41 - Overriding database path with different value: C:\Users\박병준\.stmcufinder\plugins\mcufinder/ => C:\Users\박병준\.stmcufinder\plugins\mcufinder
2023-11-23 10:07:44,688 [INFO] ApiDb:250 - Set database path to: C:\Users\박병준\.stmcufinder\plugins\mcufinder//mcu/
2023-11-23 10:07:44,688 [WARN] DbFile:41 - Overriding database path with different value: C:\Users\박병준\.stmcufinder\plugins\mcufinder/ => C:\Users\박병준\.stmcufinder\plugins\mcufinder
2023-11-23 10:07:44,688 [INFO] DbMcusAds:125 - Set database path to: C:\Users\박병준\.stmcufinder\plugins\mcufinder//mcu/
2023-11-23 10:07:44,689 [WARN] DbFile:41 - Overriding database path with different value: C:\Users\박병준\.stmcufinder\plugins\mcufinder/ => C:\Users\박병준\.stmcufinder\plugins\mcufinder
2023-11-23 10:07:44,689 [WARN] DbFile:41 - Overriding database path with different value: C:\Users\박병준\.stmcufinder\plugins\mcufinder/ => C:\Users\박병준\.stmcufinder\plugins\mcufinder
2023-11-23 10:07:44,689 [INFO] CrossReferenceDbSqlite:203 - Set database path to: C:\Users\박병준\.stmcufinder\plugins\mcufinder//mcu/cs/
2023-11-23 10:07:44,808 [INFO] MainPanel:262 - HeapMemory: 268435456
2023-11-23 10:07:45,008 [INFO] DbMcusXml:78 - Set database path to: C:\ST\STM32CubeIDE_1.13.2\STM32CubeIDE\plugins\com.st.stm32cube.common.mx_6.9.2.202309101412\\db\/mcu/
2023-11-23 10:07:45,008 [INFO] ApiDb:274 - Set plugin database path to: C:\ST\STM32CubeIDE_1.13.2\STM32CubeIDE\plugins\com.st.stm32cube.common.mx_6.9.2.202309101412\\db\/plugins/boardmanager/
2023-11-23 10:07:45,008 [INFO] ApiDb:261 - Set plugin images path to: C:\ST\STM32CubeIDE_1.13.2\STM32CubeIDE\plugins\com.st.stm32cube.common.mx_6.9.2.202309101412\\db\/plugins/mcufinder/images/
2023-11-23 10:07:45,009 [WARN] DbFile:41 - Overriding database path with different value: C:\Users\박병준\.stmcufinder\plugins\mcufinder/ => C:\Users\박병준\.stmcufinder\plugins\mcufinder
2023-11-23 10:07:45,009 [INFO] ApiDb:250 - Set database path to: C:\Users\박병준\.stmcufinder\plugins\mcufinder//mcu/
2023-11-23 10:07:45,009 [WARN] DbFile:41 - Overriding database path with different value: C:\Users\박병준\.stmcufinder\plugins\mcufinder/ => C:\Users\박병준\.stmcufinder\plugins\mcufinder
2023-11-23 10:07:45,009 [INFO] DbMcusAds:125 - Set database path to: C:\Users\박병준\.stmcufinder\plugins\mcufinder//mcu/
2023-11-23 10:07:45,010 [WARN] DbFile:41 - Overriding database path with different value: C:\Users\박병준\.stmcufinder\plugins\mcufinder/ => C:\Users\박병준\.stmcufinder\plugins\mcufinder
2023-11-23 10:07:45,010 [WARN] DbFile:41 - Overriding database path with different value: C:\Users\박병준\.stmcufinder\plugins\mcufinder/ => C:\Users\박병준\.stmcufinder\plugins\mcufinder
2023-11-23 10:07:45,011 [INFO] CrossReferenceDbSqlite:203 - Set database path to: C:\Users\박병준\.stmcufinder\plugins\mcufinder//mcu/cs/
2023-11-23 10:07:45,048 [INFO] ApplicationProperties:184 - Using Application install path: C:\ST\STM32CubeIDE_1.13.2\STM32CubeIDE\plugins\com.st.stm32cube.common.mx_6.9.2.202309101412
2023-11-23 10:07:45,051 [INFO] PluginManage:196 - Search for loadable plugins [exclusion list=, ]
2023-11-23 10:07:45,053 [INFO] PluginManage:310 - Check plugin analytics
