2023-11-14 09:12:08,166 [INFO] Activator:176 - 


2023-11-14 09:12:08,175 [INFO] Activator:177 - !SESSION log4j initialized
2023-11-14 09:12:14,046 [INFO] LogOutputStream:77 - [STDOUT_REDIRECT] 
2023-11-14 09:12:22,955 [INFO] ApplicationProperties:184 - Using Application install path: C:\ST\STM32CubeIDE_1.13.2\STM32CubeIDE\plugins\com.st.stm32cube.common.mx_6.9.2.202309101412
2023-11-14 09:12:22,972 [INFO] DbMcusXml:78 - Set database path to: C:\ST\STM32CubeIDE_1.13.2\STM32CubeIDE\plugins\com.st.stm32cube.common.mx_6.9.2.202309101412\\db\/mcu/
2023-11-14 09:12:22,972 [INFO] ApiDb:274 - Set plugin database path to: C:\ST\STM32CubeIDE_1.13.2\STM32CubeIDE\plugins\com.st.stm32cube.common.mx_6.9.2.202309101412\\db\/plugins/boardmanager/
2023-11-14 09:12:22,973 [WARN] ApiDb:259 - Overriding images path with different value:  => C:\ST\STM32CubeIDE_1.13.2\STM32CubeIDE\plugins\com.st.stm32cube.common.mx_6.9.2.202309101412\\db\/plugins/mcufinder/images/
2023-11-14 09:12:22,989 [INFO] ApiDb:250 - Set database path to: C:\Users\박병준\.stmcufinder\plugins\mcufinder//mcu/
2023-11-14 09:12:22,990 [INFO] DbMcusAds:125 - Set database path to: C:\Users\박병준\.stmcufinder\plugins\mcufinder//mcu/
2023-11-14 09:12:22,992 [INFO] CrossReferenceDbSqlite:203 - Set database path to: C:\Users\박병준\.stmcufinder\plugins\mcufinder//mcu/cs/
2023-11-14 09:12:23,112 [INFO] RulesReader:64 - Compatibility file has been processed (293 Rules)
2023-11-14 09:12:23,226 [INFO] DbMcusXml:78 - Set database path to: C:\ST\STM32CubeIDE_1.13.2\STM32CubeIDE\plugins\com.st.stm32cube.common.mx_6.9.2.202309101412\\db\/mcu/
2023-11-14 09:12:23,226 [INFO] ApiDb:274 - Set plugin database path to: C:\ST\STM32CubeIDE_1.13.2\STM32CubeIDE\plugins\com.st.stm32cube.common.mx_6.9.2.202309101412\\db\/plugins/boardmanager/
2023-11-14 09:12:23,226 [INFO] ApiDb:261 - Set plugin images path to: C:\ST\STM32CubeIDE_1.13.2\STM32CubeIDE\plugins\com.st.stm32cube.common.mx_6.9.2.202309101412\\db\/plugins/mcufinder/images/
2023-11-14 09:12:23,227 [WARN] DbFile:41 - Overriding database path with different value: C:\Users\박병준\.stmcufinder\plugins\mcufinder/ => C:\Users\박병준\.stmcufinder\plugins\mcufinder
2023-11-14 09:12:23,227 [INFO] ApiDb:250 - Set database path to: C:\Users\박병준\.stmcufinder\plugins\mcufinder//mcu/
2023-11-14 09:12:23,227 [WARN] DbFile:41 - Overriding database path with different value: C:\Users\박병준\.stmcufinder\plugins\mcufinder/ => C:\Users\박병준\.stmcufinder\plugins\mcufinder
2023-11-14 09:12:23,227 [INFO] DbMcusAds:125 - Set database path to: C:\Users\박병준\.stmcufinder\plugins\mcufinder//mcu/
2023-11-14 09:12:23,227 [WARN] DbFile:41 - Overriding database path with different value: C:\Users\박병준\.stmcufinder\plugins\mcufinder/ => C:\Users\박병준\.stmcufinder\plugins\mcufinder
2023-11-14 09:12:23,227 [WARN] DbFile:41 - Overriding database path with different value: C:\Users\박병준\.stmcufinder\plugins\mcufinder/ => C:\Users\박병준\.stmcufinder\plugins\mcufinder
2023-11-14 09:12:23,227 [INFO] CrossReferenceDbSqlite:203 - Set database path to: C:\Users\박병준\.stmcufinder\plugins\mcufinder//mcu/cs/
2023-11-14 09:12:23,311 [INFO] MainPanel:262 - HeapMemory: 268435456
2023-11-14 09:12:23,414 [INFO] DbMcusXml:78 - Set database path to: C:\ST\STM32CubeIDE_1.13.2\STM32CubeIDE\plugins\com.st.stm32cube.common.mx_6.9.2.202309101412\\db\/mcu/
2023-11-14 09:12:23,414 [INFO] ApiDb:274 - Set plugin database path to: C:\ST\STM32CubeIDE_1.13.2\STM32CubeIDE\plugins\com.st.stm32cube.common.mx_6.9.2.202309101412\\db\/plugins/boardmanager/
2023-11-14 09:12:23,414 [INFO] ApiDb:261 - Set plugin images path to: C:\ST\STM32CubeIDE_1.13.2\STM32CubeIDE\plugins\com.st.stm32cube.common.mx_6.9.2.202309101412\\db\/plugins/mcufinder/images/
2023-11-14 09:12:23,414 [WARN] DbFile:41 - Overriding database path with different value: C:\Users\박병준\.stmcufinder\plugins\mcufinder/ => C:\Users\박병준\.stmcufinder\plugins\mcufinder
2023-11-14 09:12:23,414 [INFO] ApiDb:250 - Set database path to: C:\Users\박병준\.stmcufinder\plugins\mcufinder//mcu/
2023-11-14 09:12:23,415 [WARN] DbFile:41 - Overriding database path with different value: C:\Users\박병준\.stmcufinder\plugins\mcufinder/ => C:\Users\박병준\.stmcufinder\plugins\mcufinder
2023-11-14 09:12:23,415 [INFO] DbMcusAds:125 - Set database path to: C:\Users\박병준\.stmcufinder\plugins\mcufinder//mcu/
2023-11-14 09:12:23,415 [WARN] DbFile:41 - Overriding database path with different value: C:\Users\박병준\.stmcufinder\plugins\mcufinder/ => C:\Users\박병준\.stmcufinder\plugins\mcufinder
2023-11-14 09:12:23,415 [WARN] DbFile:41 - Overriding database path with different value: C:\Users\박병준\.stmcufinder\plugins\mcufinder/ => C:\Users\박병준\.stmcufinder\plugins\mcufinder
2023-11-14 09:12:23,415 [INFO] CrossReferenceDbSqlite:203 - Set database path to: C:\Users\박병준\.stmcufinder\plugins\mcufinder//mcu/cs/
2023-11-14 09:12:23,435 [INFO] ApplicationProperties:184 - Using Application install path: C:\ST\STM32CubeIDE_1.13.2\STM32CubeIDE\plugins\com.st.stm32cube.common.mx_6.9.2.202309101412
2023-11-14 09:12:23,436 [INFO] PluginManage:196 - Search for loadable plugins [exclusion list=, ]
2023-11-14 09:12:23,437 [INFO] PluginManage:310 - Check plugin analytics
2023-11-14 09:12:28,167 [INFO] AnalyticsPlugin:253 - Accepted Software Licenses: STM32CubeMX.6.9.2
2023-11-14 09:12:28,168 [INFO] AnalyticsPlugin:255 - Accepted CMSIS Pack Licenses: 
2023-11-14 09:12:28,168 [INFO] AnalyticsPlugin:257 - Accepted Firmware Licenses: FW.F4.1.27.0
2023-11-14 09:12:28,171 [INFO] PluginManage:359 - Loaded plugin analytics (category:tool,tabindex:-1)
2023-11-14 09:12:28,171 [INFO] PluginManage:310 - Check plugin cadmodel
2023-11-14 09:12:28,190 [INFO] CADModel:105 - Init CAD model plugin
2023-11-14 09:12:28,191 [INFO] PluginManage:359 - Loaded plugin cadmodel (category:power,tabindex:5)
2023-11-14 09:12:28,191 [INFO] PluginManage:310 - Check plugin clock
2023-11-14 09:12:28,211 [INFO] PluginManage:359 - Loaded plugin clock (category:base,tabindex:2)
2023-11-14 09:12:28,212 [INFO] PluginManage:310 - Check plugin ddr
2023-11-14 09:12:28,214 [INFO] PluginManage:359 - Loaded plugin ddr (category:tool,tabindex:6)
2023-11-14 09:12:28,214 [INFO] PluginManage:310 - Check plugin filemanager
2023-11-14 09:12:28,358 [INFO] PluginManage:359 - Loaded plugin filemanager (category:base,tabindex:10)
2023-11-14 09:12:28,359 [INFO] PluginManage:310 - Check plugin ipmanager
2023-11-14 09:12:28,367 [INFO] PluginManage:359 - Loaded plugin ipmanager (category:base,tabindex:5)
2023-11-14 09:12:28,367 [INFO] PluginManage:310 - Check plugin lpbam
2023-11-14 09:12:28,392 [INFO] PluginManage:359 - Loaded plugin lpbam (category:base,tabindex:0)
2023-11-14 09:12:28,392 [INFO] PluginManage:310 - Check plugin memorymap
2023-11-14 09:12:28,417 [INFO] PluginManage:359 - Loaded plugin memorymap (category:base,tabindex:4)
2023-11-14 09:12:28,418 [INFO] PluginManage:310 - Check plugin pinoutandconfiguration
2023-11-14 09:12:28,440 [INFO] PluginManage:359 - Loaded plugin pinoutandconfiguration (category:base,tabindex:1)
2023-11-14 09:12:28,440 [INFO] PluginManage:310 - Check plugin pinoutconfig
2023-11-14 09:12:28,558 [WARN] SupportedApi:132 - Cannot load RTOS API schema: s4s-elt-must-match.1: The content of 'definitions' must match (annotation?, (simpleType | complexType)?, (unique | key | keyref)*)). A problem was found starting at: attribute.
2023-11-14 09:12:28,728 [INFO] PluginManage:359 - Loaded plugin pinoutconfig (category:base,tabindex:0)
2023-11-14 09:12:28,729 [INFO] PluginManage:310 - Check plugin power
2023-11-14 09:12:28,758 [INFO] PluginManage:359 - Loaded plugin power (category:power,tabindex:4)
2023-11-14 09:12:28,758 [INFO] PluginManage:310 - Check plugin projectmanager
2023-11-14 09:12:28,775 [INFO] PluginManage:359 - Loaded plugin projectmanager (category:projectmanager,tabindex:3)
2023-11-14 09:12:28,775 [INFO] PluginManage:310 - Check plugin thirdparty
2023-11-14 09:12:29,097 [INFO] PluginManage:359 - Loaded plugin thirdparty (category:base,tabindex:-1)
2023-11-14 09:12:29,097 [WARN] IntegrityCheckThread:84 - waiting for thirdparty lock release [integrity check]
2023-11-14 09:12:29,097 [INFO] PluginManage:310 - Check plugin tools
2023-11-14 09:12:29,097 [INFO] IntegrityCheckThread:86 - entering critical section [integrity check]
2023-11-14 09:12:29,098 [INFO] ThirdPartyUpdaterWithRetryManager:70 - Updater plugin not ready yet. [1/15]
2023-11-14 09:12:29,140 [INFO] PluginManage:359 - Loaded plugin tools (category:base,tabindex:7)
2023-11-14 09:12:29,140 [INFO] PluginManage:310 - Check plugin tutovideos
2023-11-14 09:12:29,365 [INFO] PluginManage:359 - Loaded plugin tutovideos (category:base,tabindex:-1)
2023-11-14 09:12:29,365 [INFO] PluginManage:310 - Check plugin updater
2023-11-14 09:12:29,377 [INFO] PluginManage:359 - Loaded plugin updater (category:base,tabindex:12)
2023-11-14 09:12:29,377 [INFO] PluginManage:310 - Check plugin userauth
2023-11-14 09:12:29,384 [INFO] UserAuth:113 - Init User Auth plugin
2023-11-14 09:12:29,384 [INFO] PluginManage:359 - Loaded plugin userauth (category:base,tabindex:14)
2023-11-14 09:12:29,385 [INFO] PluginManage:283 - PluginManage : Loaded plugins [17]
2023-11-14 09:12:29,723 [INFO] PinOutPanel:1499 - setPackage(No Configuration,No Configuration)
2023-11-14 09:12:29,907 [INFO] CADModel:165 - CPN selected for project level
2023-11-14 09:12:29,908 [INFO] CADModel:114 - Register for checkConnection events
2023-11-14 09:12:29,955 [INFO] IPUIPlugin:80 - create IPUIPlugin
2023-11-14 09:12:29,955 [INFO] PluginManager:220 - loadIPPluginJar : add adc
2023-11-14 09:12:30,026 [INFO] IPUIPlugin:80 - create IPUIPlugin
2023-11-14 09:12:30,027 [INFO] PluginManager:220 - loadIPPluginJar : add aes
2023-11-14 09:12:30,150 [INFO] IPUIPlugin:80 - create IPUIPlugin
2023-11-14 09:12:30,150 [INFO] PluginManager:220 - loadIPPluginJar : add can
2023-11-14 09:12:30,207 [INFO] IPUIPlugin:80 - create IPUIPlugin
2023-11-14 09:12:30,208 [INFO] PluginManager:220 - loadIPPluginJar : add comp
2023-11-14 09:12:30,324 [INFO] IPUIPlugin:80 - create IPUIPlugin
2023-11-14 09:12:30,324 [INFO] PluginManager:220 - loadIPPluginJar : add cryp
2023-11-14 09:12:30,402 [INFO] IPUIPlugin:80 - create IPUIPlugin
2023-11-14 09:12:30,403 [INFO] PluginManager:220 - loadIPPluginJar : add dfsdm
2023-11-14 09:12:30,449 [INFO] IPUIPlugin:80 - create IPUIPlugin
2023-11-14 09:12:30,449 [INFO] PluginManager:220 - loadIPPluginJar : add dma
2023-11-14 09:12:30,512 [INFO] IPUIPlugin:80 - create IPUIPlugin
2023-11-14 09:12:30,512 [INFO] PluginManager:220 - loadIPPluginJar : add dma3
2023-11-14 09:12:30,541 [INFO] IPUIPlugin:80 - create IPUIPlugin
2023-11-14 09:12:30,541 [INFO] PluginManager:220 - loadIPPluginJar : add fatfs
2023-11-14 09:12:30,608 [INFO] IPUIPlugin:80 - create IPUIPlugin
2023-11-14 09:12:30,609 [INFO] PluginManager:220 - loadIPPluginJar : add fmc
2023-11-14 09:12:30,633 [INFO] IPUIPlugin:80 - create IPUIPlugin
2023-11-14 09:12:30,633 [INFO] PluginManager:220 - loadIPPluginJar : add freertos
2023-11-14 09:12:30,662 [INFO] IPUIPlugin:80 - create IPUIPlugin
2023-11-14 09:12:30,662 [INFO] PluginManager:220 - loadIPPluginJar : add genericplugin
2023-11-14 09:12:30,770 [INFO] IPUIPlugin:80 - create IPUIPlugin
2023-11-14 09:12:30,770 [INFO] PluginManager:220 - loadIPPluginJar : add gfxmmu
2023-11-14 09:12:30,893 [INFO] IPUIPlugin:80 - create IPUIPlugin
2023-11-14 09:12:30,894 [INFO] PluginManager:220 - loadIPPluginJar : add gic
2023-11-14 09:12:30,908 [INFO] IPUIPlugin:80 - create IPUIPlugin
2023-11-14 09:12:30,908 [INFO] PluginManager:220 - loadIPPluginJar : add gpio
2023-11-14 09:12:30,999 [INFO] IPUIPlugin:80 - create IPUIPlugin
2023-11-14 09:12:30,999 [INFO] PluginManager:220 - loadIPPluginJar : add gtzc
2023-11-14 09:12:31,030 [INFO] IPUIPlugin:80 - create IPUIPlugin
2023-11-14 09:12:31,030 [INFO] PluginManager:220 - loadIPPluginJar : add hash
2023-11-14 09:12:31,079 [INFO] IPUIPlugin:80 - create IPUIPlugin
2023-11-14 09:12:31,079 [INFO] PluginManager:220 - loadIPPluginJar : add i2c
2023-11-14 09:12:31,116 [INFO] IPUIPlugin:80 - create IPUIPlugin
2023-11-14 09:12:31,116 [INFO] PluginManager:220 - loadIPPluginJar : add i2s
2023-11-14 09:12:31,156 [INFO] IPUIPlugin:80 - create IPUIPlugin
2023-11-14 09:12:31,157 [INFO] PluginManager:220 - loadIPPluginJar : add i3c
2023-11-14 09:12:31,251 [INFO] IPUIPlugin:80 - create IPUIPlugin
2023-11-14 09:12:31,251 [INFO] PluginManager:220 - loadIPPluginJar : add ipddr
2023-11-14 09:12:31,349 [INFO] IPUIPlugin:80 - create IPUIPlugin
2023-11-14 09:12:31,350 [INFO] PluginManager:220 - loadIPPluginJar : add linkedlist
2023-11-14 09:12:31,383 [INFO] IPUIPlugin:80 - create IPUIPlugin
2023-11-14 09:12:31,383 [INFO] PluginManager:220 - loadIPPluginJar : add lorawan
2023-11-14 09:12:31,418 [INFO] IPUIPlugin:80 - create IPUIPlugin
2023-11-14 09:12:31,418 [INFO] PluginManager:220 - loadIPPluginJar : add ltdc
2023-11-14 09:12:31,434 [INFO] IPUIPlugin:80 - create IPUIPlugin
2023-11-14 09:12:31,435 [INFO] PluginManager:220 - loadIPPluginJar : add mdma
2023-11-14 09:12:31,451 [INFO] IPUIPlugin:80 - create IPUIPlugin
2023-11-14 09:12:31,452 [INFO] PluginManager:220 - loadIPPluginJar : add nvic
2023-11-14 09:12:31,493 [INFO] IPUIPlugin:80 - create IPUIPlugin
2023-11-14 09:12:31,493 [INFO] PluginManager:220 - loadIPPluginJar : add opamp
2023-11-14 09:12:31,547 [INFO] IPUIPlugin:80 - create IPUIPlugin
2023-11-14 09:12:31,547 [INFO] PluginManager:220 - loadIPPluginJar : add openamp
2023-11-14 09:12:31,587 [INFO] IPUIPlugin:80 - create IPUIPlugin
2023-11-14 09:12:31,587 [INFO] PluginManager:220 - loadIPPluginJar : add pdm2pcm
2023-11-14 09:12:31,602 [INFO] IPUIPlugin:80 - create IPUIPlugin
2023-11-14 09:12:31,604 [INFO] PluginManager:220 - loadIPPluginJar : add plateformsettings
2023-11-14 09:12:31,629 [INFO] IPUIPlugin:80 - create IPUIPlugin
2023-11-14 09:12:31,629 [INFO] PluginManager:220 - loadIPPluginJar : add quadspi
2023-11-14 09:12:31,645 [INFO] IPUIPlugin:80 - create IPUIPlugin
2023-11-14 09:12:31,645 [INFO] PluginManager:220 - loadIPPluginJar : add resmgrutility
2023-11-14 09:12:31,699 [INFO] IPUIPlugin:80 - create IPUIPlugin
2023-11-14 09:12:31,699 [INFO] PluginManager:220 - loadIPPluginJar : add sai
2023-11-14 09:12:31,735 [INFO] IPUIPlugin:80 - create IPUIPlugin
2023-11-14 09:12:31,735 [INFO] PluginManager:220 - loadIPPluginJar : add spi
2023-11-14 09:12:31,797 [INFO] IPUIPlugin:80 - create IPUIPlugin
2023-11-14 09:12:31,797 [INFO] PluginManager:220 - loadIPPluginJar : add stm32_wpan
2023-11-14 09:12:31,821 [INFO] IPUIPlugin:80 - create IPUIPlugin
2023-11-14 09:12:31,821 [INFO] PluginManager:220 - loadIPPluginJar : add tim
2023-11-14 09:12:31,874 [INFO] IPUIPlugin:80 - create IPUIPlugin
2023-11-14 09:12:31,874 [INFO] PluginManager:220 - loadIPPluginJar : add touchsensing
2023-11-14 09:12:31,905 [INFO] IPUIPlugin:80 - create IPUIPlugin
2023-11-14 09:12:31,905 [INFO] PluginManager:220 - loadIPPluginJar : add tracer_emb
2023-11-14 09:12:31,930 [INFO] IPUIPlugin:80 - create IPUIPlugin
2023-11-14 09:12:31,930 [INFO] PluginManager:220 - loadIPPluginJar : add ts
2023-11-14 09:12:31,953 [INFO] IPUIPlugin:80 - create IPUIPlugin
2023-11-14 09:12:31,953 [INFO] PluginManager:220 - loadIPPluginJar : add tsc
2023-11-14 09:12:31,978 [INFO] IPUIPlugin:80 - create IPUIPlugin
2023-11-14 09:12:31,978 [INFO] PluginManager:220 - loadIPPluginJar : add ucpd
2023-11-14 09:12:32,023 [INFO] IPUIPlugin:80 - create IPUIPlugin
2023-11-14 09:12:32,023 [INFO] PluginManager:220 - loadIPPluginJar : add usart
2023-11-14 09:12:32,069 [INFO] IPUIPlugin:80 - create IPUIPlugin
2023-11-14 09:12:32,069 [INFO] PluginManager:220 - loadIPPluginJar : add usbx
2023-11-14 09:12:32,098 [INFO] ThirdPartyUpdaterWithRetryManager:70 - Updater plugin not ready yet. [2/15]
2023-11-14 09:12:32,194 [INFO] CADModel:165 - CPN selected for project level
2023-11-14 09:12:32,195 [INFO] CADModel:114 - Register for checkConnection events
2023-11-14 09:12:32,196 [FATAL] Updater:308 - Updater called before beeing initialized
2023-11-14 09:12:32,196 [ERROR] CADModel:125 - Updater not yet initialized, retry later 
2023-11-14 09:12:32,390 [INFO] CADModel:165 - CPN selected for project level
2023-11-14 09:12:32,390 [INFO] CADModel:114 - Register for checkConnection events
2023-11-14 09:12:32,390 [FATAL] Updater:308 - Updater called before beeing initialized
2023-11-14 09:12:32,391 [ERROR] CADModel:125 - Updater not yet initialized, retry later 
2023-11-14 09:12:32,394 [FATAL] Updater:308 - Updater called before beeing initialized
2023-11-14 09:12:32,501 [FATAL] Updater:308 - Updater called before beeing initialized
2023-11-14 09:12:32,515 [INFO] DbMcusAds:53 - JSON generation date=Tue Mar 07 17:50:55 KST 2023 (1678179055335)
2023-11-14 09:12:32,515 [FATAL] Updater:308 - Updater called before beeing initialized
2023-11-14 09:12:32,604 [WARN] DetailPanel:346 - Failed to get advertising image, set to default
2023-11-14 09:12:32,709 [FATAL] Updater:308 - Updater called before beeing initialized
2023-11-14 09:12:32,712 [FATAL] Updater:308 - Updater called before beeing initialized
2023-11-14 09:12:32,712 [FATAL] Updater:308 - Updater called before beeing initialized
2023-11-14 09:12:32,712 [WARN] DetailPanel:346 - Failed to get advertising image, set to default
2023-11-14 09:12:32,713 [FATAL] Updater:308 - Updater called before beeing initialized
2023-11-14 09:12:32,778 [ERROR] Updater:1120 - MainUpdater not yet initialized. External WinMGr cannot be set.
2023-11-14 09:12:32,790 [INFO] Updater:1056 - Updater Version found : 6.9.2
2023-11-14 09:12:32,806 [INFO] ApplicationProperties:184 - Using Application install path: C:\ST\STM32CubeIDE_1.13.2\STM32CubeIDE\plugins\com.st.stm32cube.common.mx_6.9.2.202309101412
2023-11-14 09:12:33,196 [INFO] MainUpdater:2868 - connection check result : 10
2023-11-14 09:12:33,197 [INFO] MainUpdater:285 - Updater Check For Update Now.
2023-11-14 09:12:33,197 [INFO] MicroXplorer:498 - Change Database Version : DB.6.0.92
2023-11-14 09:12:33,216 [INFO] McuFinderGlobals:63 - Set McuFinder mode to 2 (CubeIDE integrated)
2023-11-14 09:12:33,444 [INFO] CheckServerUpdateThread:120 - End of CheckServer Thread
2023-11-14 09:12:35,303 [WARN] PackLoader:240 - Cannot read IP mode file for STMicroelectronics.X-CUBE-SMBUS.2.1.0
2023-11-14 09:12:35,358 [WARN] PackLoader:240 - Cannot read IP mode file for STMicroelectronics.X-CUBE-AZRTOS-F7.1.1.0
2023-11-14 09:12:35,381 [WARN] PackLoader:240 - Cannot read IP mode file for STMicroelectronics.FP-SNS-MOTENV1.4.3.2
2023-11-14 09:12:35,404 [WARN] PackLoader:240 - Cannot read IP mode file for STMicroelectronics.FP-SNS-FLIGHT1.5.0.2
2023-11-14 09:12:35,425 [WARN] PackLoader:240 - Cannot read IP mode file for STMicroelectronics.X-CUBE-DISPLAY.3.0.0
2023-11-14 09:12:35,451 [WARN] PackLoader:240 - Cannot read IP mode file for STMicroelectronics.X-CUBE-BLE1.7.0.0
2023-11-14 09:12:35,466 [WARN] PackLoader:240 - Cannot read IP mode file for emotas.I-CUBE-CANOPEN.1.3.0
2023-11-14 09:12:35,480 [WARN] PackLoader:240 - Cannot read IP mode file for STMicroelectronics.X-CUBE-TOUCHGFX.4.22.1
2023-11-14 09:12:35,496 [WARN] PackLoader:240 - Cannot read IP mode file for STMicroelectronics.FP-SNS-SMARTAG2.1.2.0
2023-11-14 09:12:35,523 [INFO] LogOutputStream:77 - [STDOUT_REDIRECT] 1 : Invalid condition id : UX_CORESTACK_Condition cause : null
2023-11-14 09:12:35,523 [INFO] LogOutputStream:77 - [STDOUT_REDIRECT] 1 : Invalid condition id : UX_CORESTACK_Condition cause : null
2023-11-14 09:12:35,525 [INFO] LogOutputStream:77 - [STDOUT_REDIRECT] 1 : Invalid condition id : UX_CORESTACK_Condition cause : null
2023-11-14 09:12:35,527 [INFO] LogOutputStream:77 - [STDOUT_REDIRECT] 1 : Invalid condition id : UX_CORESTACK_Condition cause : null
2023-11-14 09:12:35,528 [INFO] LogOutputStream:77 - [STDOUT_REDIRECT] 1 : Invalid condition id : UX_CORESTACK_Condition cause : null
2023-11-14 09:12:35,534 [WARN] PackLoader:240 - Cannot read IP mode file for STMicroelectronics.X-CUBE-AZRTOS-WL.2.0.0
2023-11-14 09:12:35,553 [WARN] PackLoader:240 - Cannot read IP mode file for WES.I-CUBE-Cesium.1.3.0
2023-11-14 09:12:35,570 [WARN] PackLoader:240 - Cannot read IP mode file for STMicroelectronics.X-CUBE-BLE2.3.3.0
2023-11-14 09:12:35,587 [WARN] PackLoader:240 - Cannot read IP mode file for STMicroelectronics.X-CUBE-ALGOBUILD.1.3.0
2023-11-14 09:12:35,626 [WARN] PackLoader:240 - Cannot read IP mode file for STMicroelectronics.X-CUBE-AZRTOS-G0.1.1.0
2023-11-14 09:12:35,645 [WARN] PackLoader:240 - Cannot read IP mode file for STMicroelectronics.X-CUBE-NFC4.3.0.0
2023-11-14 09:12:35,670 [WARN] PackLoader:240 - Cannot read IP mode file for STMicroelectronics.X-CUBE-BLEMGR.3.0.0
2023-11-14 09:12:35,687 [WARN] PackLoader:240 - Cannot read IP mode file for STMicroelectronics.FP-ATR-SIGFOX1.3.2.0
2023-11-14 09:12:35,731 [WARN] PackLoader:240 - Cannot read IP mode file for SEGGER.I-CUBE-embOS.1.3.1
2023-11-14 09:12:35,805 [WARN] PackLoader:240 - Cannot read IP mode file for STMicroelectronics.X-CUBE-GNSS1.6.0.0
2023-11-14 09:12:35,840 [WARN] PackLoader:240 - Cannot read IP mode file for STMicroelectronics.X-CUBE-AZRTOS-F4.1.1.0
2023-11-14 09:12:35,858 [WARN] PackLoader:240 - Cannot read IP mode file for wolfSSL.I-CUBE-wolfSSL.5.6.3
2023-11-14 09:12:35,890 [WARN] PackLoader:240 - Cannot read IP mode file for STMicroelectronics.X-CUBE-AZRTOS-L5.2.0.0
2023-11-14 09:12:35,907 [WARN] PackLoader:240 - Cannot read IP mode file for STMicroelectronics.X-CUBE-EEPRMA1.4.2.0
2023-11-14 09:12:35,921 [WARN] PackLoader:240 - Cannot read IP mode file for ITTIA_DB.I-CUBE-ITTIADB.8.8.0
2023-11-14 09:12:35,937 [WARN] PackLoader:240 - Cannot read IP mode file for STMicroelectronics.X-CUBE-BLEMGR.2.0.0
2023-11-14 09:12:35,980 [WARN] ConditionMgr:438 - getConditionDescription Invalid condition id : UX DEVICE CLASS RTOS Condition cause : null
2023-11-14 09:12:35,980 [WARN] ConditionMgr:438 - getConditionDescription Invalid condition id : UX DEVICE CLASS RTOS Condition cause : null
2023-11-14 09:12:35,984 [WARN] PackLoader:240 - Cannot read IP mode file for STMicroelectronics.X-CUBE-AZRTOS-H7.3.1.0
2023-11-14 09:12:35,987 [WARN] ConditionMgr:1039 - genDependencies : Invalid condition id : UX DEVICE CLASS RTOS Condition cause : null
2023-11-14 09:12:35,987 [WARN] ConditionMgr:1039 - genDependencies : Invalid condition id : UX DEVICE CLASS RTOS Condition cause : null
2023-11-14 09:12:35,989 [WARN] ConditionMgr:1039 - genDependencies : Invalid condition id : UX DEVICE CLASS RTOS Condition cause : null
2023-11-14 09:12:35,990 [WARN] ConditionMgr:1039 - genDependencies : Invalid condition id : UX DEVICE CLASS RTOS Condition cause : null
2023-11-14 09:12:35,990 [WARN] ConditionMgr:1039 - genDependencies : Invalid condition id : UX DEVICE CLASS RTOS Condition cause : null
2023-11-14 09:12:36,014 [WARN] PackLoader:240 - Cannot read IP mode file for STMicroelectronics.X-CUBE-NFC7.1.0.1
2023-11-14 09:12:36,037 [WARN] PackLoader:240 - Cannot read IP mode file for STMicroelectronics.X-CUBE-NFC6.3.0.0
2023-11-14 09:12:36,055 [WARN] PackLoader:240 - Cannot read IP mode file for STMicroelectronics.X-CUBE-EEPRMA1.4.1.0
2023-11-14 09:12:36,073 [WARN] PackLoader:240 - Cannot read IP mode file for STMicroelectronics.X-CUBE-AI.8.1.0
2023-11-14 09:12:36,114 [WARN] ConditionMgr:438 - getConditionDescription Invalid condition id : LAN8742 Phy interface Condition cause : null
2023-11-14 09:12:36,115 [WARN] PackLoader:240 - Cannot read IP mode file for STMicroelectronics.X-CUBE-AZRTOS-L4.2.0.0
2023-11-14 09:12:36,116 [WARN] ConditionMgr:1039 - genDependencies : Invalid condition id : LAN8742 Phy interface Condition cause : null
2023-11-14 09:12:36,116 [WARN] ConditionMgr:1039 - genDependencies : Invalid condition id : LAN8742 Phy interface Condition cause : null
2023-11-14 09:12:36,117 [WARN] ConditionMgr:1039 - genDependencies : Invalid condition id : LAN8742 Phy interface Condition cause : null
2023-11-14 09:12:36,135 [WARN] PackLoader:240 - Cannot read IP mode file for STMicroelectronics.X-CUBE-SFXS2LP1.4.0.0
2023-11-14 09:12:36,153 [WARN] PackLoader:240 - Cannot read IP mode file for STMicroelectronics.X-CUBE-ISPU.1.1.0
2023-11-14 09:12:36,191 [WARN] ConditionMgr:438 - getConditionDescription Invalid condition id : UX DEVICE CLASS RTOS Condition cause : null
2023-11-14 09:12:36,191 [WARN] ConditionMgr:438 - getConditionDescription Invalid condition id : UX DEVICE CLASS RTOS Condition cause : null
2023-11-14 09:12:36,193 [WARN] PackLoader:240 - Cannot read IP mode file for STMicroelectronics.X-CUBE-AZRTOS-WB.2.0.0
2023-11-14 09:12:36,194 [WARN] ConditionMgr:1039 - genDependencies : Invalid condition id : UX DEVICE CLASS RTOS Condition cause : null
2023-11-14 09:12:36,194 [WARN] ConditionMgr:1039 - genDependencies : Invalid condition id : UX DEVICE CLASS RTOS Condition cause : null
2023-11-14 09:12:36,195 [WARN] ConditionMgr:1039 - genDependencies : Invalid condition id : UX DEVICE CLASS RTOS Condition cause : null
2023-11-14 09:12:36,195 [WARN] ConditionMgr:1039 - genDependencies : Invalid condition id : UX DEVICE CLASS RTOS Condition cause : null
2023-11-14 09:12:36,195 [WARN] ConditionMgr:1039 - genDependencies : Invalid condition id : UX DEVICE CLASS RTOS Condition cause : null
2023-11-14 09:12:36,224 [WARN] PackLoader:240 - Cannot read IP mode file for STMicroelectronics.X-CUBE-SUBG2.5.0.0
2023-11-14 09:12:36,257 [WARN] PackLoader:240 - Cannot read IP mode file for STMicroelectronics.X-CUBE-TOF1.3.3.1
2023-11-14 09:12:36,296 [WARN] PackLoader:240 - Cannot read IP mode file for STMicroelectronics.X-CUBE-AZRTOS-G4.2.0.0
2023-11-14 09:12:36,322 [WARN] PackLoader:240 - Cannot read IP mode file for Infineon.AIROC-Wi-Fi-Bluetooth-STM32.1.5.1
2023-11-14 09:12:36,342 [WARN] PackLoader:240 - Cannot read IP mode file for STMicroelectronics.FP-SNS-MOTENVWB1.1.3.0
2023-11-14 09:12:36,412 [WARN] PackLoader:240 - Cannot read IP mode file for STMicroelectronics.X-CUBE-MEMS1.10.0.0
2023-11-14 09:12:36,539 [WARN] PackLoader:240 - Cannot read IP mode file for STMicroelectronics.X-CUBE-FREERTOS.1.1.0
2023-11-14 09:12:36,552 [WARN] PackLoader:240 - Cannot read IP mode file for portGmbH.I-Cube-SoM-uGOAL.1.1.0
2023-11-14 09:12:36,564 [WARN] PackLoader:240 - Cannot read IP mode file for STMicroelectronics.X-CUBE-ALS.1.0.1
2023-11-14 09:12:36,576 [WARN] PackLoader:240 - Cannot read IP mode file for STMicroelectronics.FP-ATR-ASTRA1.2.0.0
2023-11-14 09:12:36,577 [INFO] ThirdParty:978 - Integrity check success = true
2023-11-14 09:12:36,577 [INFO] IntegrityCheckThread:100 - exiting critical section [integrity check]
2023-11-14 09:12:36,577 [INFO] IntegrityCheckThread:103 - End integrity checks thread
2023-11-14 09:12:54,466 [ERROR] LogOutputStream:75 - [STDERR_REDIRECT] SLF4J: Failed to load class "org.slf4j.impl.StaticLoggerBinder".
2023-11-14 09:12:54,467 [ERROR] LogOutputStream:75 - [STDERR_REDIRECT] SLF4J: Defaulting to no-operation (NOP) logger implementation
2023-11-14 09:12:54,468 [ERROR] LogOutputStream:75 - [STDERR_REDIRECT] SLF4J: See http://www.slf4j.org/codes.html#StaticLoggerBinder for further details.
2023-11-14 19:12:20,978 [INFO] Activator:176 - 


2023-11-14 19:12:20,981 [INFO] Activator:177 - !SESSION log4j initialized
2023-11-14 19:12:26,234 [INFO] LogOutputStream:77 - [STDOUT_REDIRECT] 
2023-11-14 19:12:31,899 [INFO] ApplicationProperties:184 - Using Application install path: C:\ST\STM32CubeIDE_1.13.2\STM32CubeIDE\plugins\com.st.stm32cube.common.mx_6.9.2.202309101412
2023-11-14 19:12:31,916 [INFO] DbMcusXml:78 - Set database path to: C:\ST\STM32CubeIDE_1.13.2\STM32CubeIDE\plugins\com.st.stm32cube.common.mx_6.9.2.202309101412\\db\/mcu/
2023-11-14 19:12:31,916 [INFO] ApiDb:274 - Set plugin database path to: C:\ST\STM32CubeIDE_1.13.2\STM32CubeIDE\plugins\com.st.stm32cube.common.mx_6.9.2.202309101412\\db\/plugins/boardmanager/
2023-11-14 19:12:31,917 [WARN] ApiDb:259 - Overriding images path with different value:  => C:\ST\STM32CubeIDE_1.13.2\STM32CubeIDE\plugins\com.st.stm32cube.common.mx_6.9.2.202309101412\\db\/plugins/mcufinder/images/
2023-11-14 19:12:31,928 [INFO] ApiDb:250 - Set database path to: C:\Users\박병준\.stmcufinder\plugins\mcufinder//mcu/
2023-11-14 19:12:31,930 [INFO] DbMcusAds:125 - Set database path to: C:\Users\박병준\.stmcufinder\plugins\mcufinder//mcu/
2023-11-14 19:12:31,932 [INFO] CrossReferenceDbSqlite:203 - Set database path to: C:\Users\박병준\.stmcufinder\plugins\mcufinder//mcu/cs/
2023-11-14 19:12:32,067 [INFO] RulesReader:64 - Compatibility file has been processed (293 Rules)
2023-11-14 19:12:32,177 [INFO] DbMcusXml:78 - Set database path to: C:\ST\STM32CubeIDE_1.13.2\STM32CubeIDE\plugins\com.st.stm32cube.common.mx_6.9.2.202309101412\\db\/mcu/
2023-11-14 19:12:32,178 [INFO] ApiDb:274 - Set plugin database path to: C:\ST\STM32CubeIDE_1.13.2\STM32CubeIDE\plugins\com.st.stm32cube.common.mx_6.9.2.202309101412\\db\/plugins/boardmanager/
2023-11-14 19:12:32,178 [INFO] ApiDb:261 - Set plugin images path to: C:\ST\STM32CubeIDE_1.13.2\STM32CubeIDE\plugins\com.st.stm32cube.common.mx_6.9.2.202309101412\\db\/plugins/mcufinder/images/
2023-11-14 19:12:32,178 [WARN] DbFile:41 - Overriding database path with different value: C:\Users\박병준\.stmcufinder\plugins\mcufinder/ => C:\Users\박병준\.stmcufinder\plugins\mcufinder
2023-11-14 19:12:32,178 [INFO] ApiDb:250 - Set database path to: C:\Users\박병준\.stmcufinder\plugins\mcufinder//mcu/
2023-11-14 19:12:32,179 [WARN] DbFile:41 - Overriding database path with different value: C:\Users\박병준\.stmcufinder\plugins\mcufinder/ => C:\Users\박병준\.stmcufinder\plugins\mcufinder
2023-11-14 19:12:32,179 [INFO] DbMcusAds:125 - Set database path to: C:\Users\박병준\.stmcufinder\plugins\mcufinder//mcu/
2023-11-14 19:12:32,179 [WARN] DbFile:41 - Overriding database path with different value: C:\Users\박병준\.stmcufinder\plugins\mcufinder/ => C:\Users\박병준\.stmcufinder\plugins\mcufinder
2023-11-14 19:12:32,179 [WARN] DbFile:41 - Overriding database path with different value: C:\Users\박병준\.stmcufinder\plugins\mcufinder/ => C:\Users\박병준\.stmcufinder\plugins\mcufinder
2023-11-14 19:12:32,179 [INFO] CrossReferenceDbSqlite:203 - Set database path to: C:\Users\박병준\.stmcufinder\plugins\mcufinder//mcu/cs/
2023-11-14 19:12:32,259 [INFO] MainPanel:262 - HeapMemory: 268435456
2023-11-14 19:12:32,327 [INFO] DbMcusXml:78 - Set database path to: C:\ST\STM32CubeIDE_1.13.2\STM32CubeIDE\plugins\com.st.stm32cube.common.mx_6.9.2.202309101412\\db\/mcu/
2023-11-14 19:12:32,327 [INFO] ApiDb:274 - Set plugin database path to: C:\ST\STM32CubeIDE_1.13.2\STM32CubeIDE\plugins\com.st.stm32cube.common.mx_6.9.2.202309101412\\db\/plugins/boardmanager/
2023-11-14 19:12:32,327 [INFO] ApiDb:261 - Set plugin images path to: C:\ST\STM32CubeIDE_1.13.2\STM32CubeIDE\plugins\com.st.stm32cube.common.mx_6.9.2.202309101412\\db\/plugins/mcufinder/images/
2023-11-14 19:12:32,327 [WARN] DbFile:41 - Overriding database path with different value: C:\Users\박병준\.stmcufinder\plugins\mcufinder/ => C:\Users\박병준\.stmcufinder\plugins\mcufinder
2023-11-14 19:12:32,327 [INFO] ApiDb:250 - Set database path to: C:\Users\박병준\.stmcufinder\plugins\mcufinder//mcu/
2023-11-14 19:12:32,327 [WARN] DbFile:41 - Overriding database path with different value: C:\Users\박병준\.stmcufinder\plugins\mcufinder/ => C:\Users\박병준\.stmcufinder\plugins\mcufinder
2023-11-14 19:12:32,327 [INFO] DbMcusAds:125 - Set database path to: C:\Users\박병준\.stmcufinder\plugins\mcufinder//mcu/
2023-11-14 19:12:32,327 [WARN] DbFile:41 - Overriding database path with different value: C:\Users\박병준\.stmcufinder\plugins\mcufinder/ => C:\Users\박병준\.stmcufinder\plugins\mcufinder
2023-11-14 19:12:32,327 [WARN] DbFile:41 - Overriding database path with different value: C:\Users\박병준\.stmcufinder\plugins\mcufinder/ => C:\Users\박병준\.stmcufinder\plugins\mcufinder
2023-11-14 19:12:32,327 [INFO] CrossReferenceDbSqlite:203 - Set database path to: C:\Users\박병준\.stmcufinder\plugins\mcufinder//mcu/cs/
2023-11-14 19:12:32,359 [INFO] ApplicationProperties:184 - Using Application install path: C:\ST\STM32CubeIDE_1.13.2\STM32CubeIDE\plugins\com.st.stm32cube.common.mx_6.9.2.202309101412
2023-11-14 19:12:32,374 [INFO] PluginManage:196 - Search for loadable plugins [exclusion list=, ]
2023-11-14 19:12:32,374 [INFO] PluginManage:310 - Check plugin analytics
2023-11-14 19:12:37,124 [INFO] AnalyticsPlugin:253 - Accepted Software Licenses: STM32CubeMX.6.9.2
2023-11-14 19:12:37,124 [INFO] AnalyticsPlugin:255 - Accepted CMSIS Pack Licenses: 
2023-11-14 19:12:37,124 [INFO] AnalyticsPlugin:257 - Accepted Firmware Licenses: FW.F4.1.27.0
2023-11-14 19:12:37,124 [INFO] PluginManage:359 - Loaded plugin analytics (category:tool,tabindex:-1)
2023-11-14 19:12:37,124 [INFO] PluginManage:310 - Check plugin cadmodel
2023-11-14 19:12:37,124 [INFO] CADModel:105 - Init CAD model plugin
2023-11-14 19:12:37,124 [INFO] PluginManage:359 - Loaded plugin cadmodel (category:power,tabindex:5)
2023-11-14 19:12:37,124 [INFO] PluginManage:310 - Check plugin clock
2023-11-14 19:12:37,140 [INFO] PluginManage:359 - Loaded plugin clock (category:base,tabindex:2)
2023-11-14 19:12:37,140 [INFO] PluginManage:310 - Check plugin ddr
2023-11-14 19:12:37,140 [INFO] PluginManage:359 - Loaded plugin ddr (category:tool,tabindex:6)
2023-11-14 19:12:37,140 [INFO] PluginManage:310 - Check plugin filemanager
2023-11-14 19:12:37,280 [INFO] PluginManage:359 - Loaded plugin filemanager (category:base,tabindex:10)
2023-11-14 19:12:37,280 [INFO] PluginManage:310 - Check plugin ipmanager
2023-11-14 19:12:37,296 [INFO] PluginManage:359 - Loaded plugin ipmanager (category:base,tabindex:5)
2023-11-14 19:12:37,296 [INFO] PluginManage:310 - Check plugin lpbam
2023-11-14 19:12:37,296 [INFO] PluginManage:359 - Loaded plugin lpbam (category:base,tabindex:0)
2023-11-14 19:12:37,311 [INFO] PluginManage:310 - Check plugin memorymap
2023-11-14 19:12:37,311 [INFO] PluginManage:359 - Loaded plugin memorymap (category:base,tabindex:4)
2023-11-14 19:12:37,311 [INFO] PluginManage:310 - Check plugin pinoutandconfiguration
2023-11-14 19:12:37,327 [INFO] PluginManage:359 - Loaded plugin pinoutandconfiguration (category:base,tabindex:1)
2023-11-14 19:12:37,327 [INFO] PluginManage:310 - Check plugin pinoutconfig
2023-11-14 19:12:37,413 [WARN] SupportedApi:132 - Cannot load RTOS API schema: s4s-elt-must-match.1: The content of 'definitions' must match (annotation?, (simpleType | complexType)?, (unique | key | keyref)*)). A problem was found starting at: attribute.
2023-11-14 19:12:37,523 [INFO] PluginManage:359 - Loaded plugin pinoutconfig (category:base,tabindex:0)
2023-11-14 19:12:37,523 [INFO] PluginManage:310 - Check plugin power
2023-11-14 19:12:37,538 [INFO] PluginManage:359 - Loaded plugin power (category:power,tabindex:4)
2023-11-14 19:12:37,538 [INFO] PluginManage:310 - Check plugin projectmanager
2023-11-14 19:12:37,554 [INFO] PluginManage:359 - Loaded plugin projectmanager (category:projectmanager,tabindex:3)
2023-11-14 19:12:37,554 [INFO] PluginManage:310 - Check plugin thirdparty
2023-11-14 19:12:37,710 [INFO] PluginManage:359 - Loaded plugin thirdparty (category:base,tabindex:-1)
2023-11-14 19:12:37,710 [WARN] IntegrityCheckThread:84 - waiting for thirdparty lock release [integrity check]
2023-11-14 19:12:37,719 [INFO] IntegrityCheckThread:86 - entering critical section [integrity check]
2023-11-14 19:12:37,719 [INFO] PluginManage:310 - Check plugin tools
2023-11-14 19:12:37,719 [INFO] ThirdPartyUpdaterWithRetryManager:70 - Updater plugin not ready yet. [1/15]
2023-11-14 19:12:37,719 [INFO] PluginManage:359 - Loaded plugin tools (category:base,tabindex:7)
2023-11-14 19:12:37,719 [INFO] PluginManage:310 - Check plugin tutovideos
2023-11-14 19:12:37,876 [INFO] PluginManage:359 - Loaded plugin tutovideos (category:base,tabindex:-1)
2023-11-14 19:12:37,876 [INFO] PluginManage:310 - Check plugin updater
2023-11-14 19:12:37,876 [INFO] PluginManage:359 - Loaded plugin updater (category:base,tabindex:12)
2023-11-14 19:12:37,876 [INFO] PluginManage:310 - Check plugin userauth
2023-11-14 19:12:37,892 [INFO] UserAuth:113 - Init User Auth plugin
2023-11-14 19:12:37,892 [INFO] PluginManage:359 - Loaded plugin userauth (category:base,tabindex:14)
2023-11-14 19:12:37,892 [INFO] PluginManage:283 - PluginManage : Loaded plugins [17]
2023-11-14 19:12:38,130 [INFO] PinOutPanel:1499 - setPackage(No Configuration,No Configuration)
2023-11-14 19:12:38,241 [INFO] CADModel:165 - CPN selected for project level
2023-11-14 19:12:38,241 [INFO] CADModel:114 - Register for checkConnection events
2023-11-14 19:12:38,257 [INFO] IPUIPlugin:80 - create IPUIPlugin
2023-11-14 19:12:38,257 [INFO] PluginManager:220 - loadIPPluginJar : add adc
2023-11-14 19:12:38,257 [INFO] IPUIPlugin:80 - create IPUIPlugin
2023-11-14 19:12:38,257 [INFO] PluginManager:220 - loadIPPluginJar : add aes
2023-11-14 19:12:38,257 [INFO] IPUIPlugin:80 - create IPUIPlugin
2023-11-14 19:12:38,257 [INFO] PluginManager:220 - loadIPPluginJar : add can
2023-11-14 19:12:38,257 [INFO] IPUIPlugin:80 - create IPUIPlugin
2023-11-14 19:12:38,257 [INFO] PluginManager:220 - loadIPPluginJar : add comp
2023-11-14 19:12:38,257 [INFO] IPUIPlugin:80 - create IPUIPlugin
2023-11-14 19:12:38,257 [INFO] PluginManager:220 - loadIPPluginJar : add cryp
2023-11-14 19:12:38,257 [INFO] IPUIPlugin:80 - create IPUIPlugin
2023-11-14 19:12:38,257 [INFO] PluginManager:220 - loadIPPluginJar : add dfsdm
2023-11-14 19:12:38,272 [INFO] IPUIPlugin:80 - create IPUIPlugin
2023-11-14 19:12:38,272 [INFO] PluginManager:220 - loadIPPluginJar : add dma
2023-11-14 19:12:38,272 [INFO] IPUIPlugin:80 - create IPUIPlugin
2023-11-14 19:12:38,272 [INFO] PluginManager:220 - loadIPPluginJar : add dma3
2023-11-14 19:12:38,272 [INFO] IPUIPlugin:80 - create IPUIPlugin
2023-11-14 19:12:38,272 [INFO] PluginManager:220 - loadIPPluginJar : add fatfs
2023-11-14 19:12:38,272 [INFO] IPUIPlugin:80 - create IPUIPlugin
2023-11-14 19:12:38,272 [INFO] PluginManager:220 - loadIPPluginJar : add fmc
2023-11-14 19:12:38,272 [INFO] IPUIPlugin:80 - create IPUIPlugin
2023-11-14 19:12:38,272 [INFO] PluginManager:220 - loadIPPluginJar : add freertos
2023-11-14 19:12:38,272 [INFO] IPUIPlugin:80 - create IPUIPlugin
2023-11-14 19:12:38,272 [INFO] PluginManager:220 - loadIPPluginJar : add genericplugin
2023-11-14 19:12:38,272 [INFO] IPUIPlugin:80 - create IPUIPlugin
2023-11-14 19:12:38,272 [INFO] PluginManager:220 - loadIPPluginJar : add gfxmmu
2023-11-14 19:12:38,288 [INFO] IPUIPlugin:80 - create IPUIPlugin
2023-11-14 19:12:38,288 [INFO] PluginManager:220 - loadIPPluginJar : add gic
2023-11-14 19:12:38,288 [INFO] IPUIPlugin:80 - create IPUIPlugin
2023-11-14 19:12:38,288 [INFO] PluginManager:220 - loadIPPluginJar : add gpio
2023-11-14 19:12:38,288 [INFO] IPUIPlugin:80 - create IPUIPlugin
2023-11-14 19:12:38,288 [INFO] PluginManager:220 - loadIPPluginJar : add gtzc
2023-11-14 19:12:38,288 [INFO] IPUIPlugin:80 - create IPUIPlugin
2023-11-14 19:12:38,288 [INFO] PluginManager:220 - loadIPPluginJar : add hash
2023-11-14 19:12:38,288 [INFO] IPUIPlugin:80 - create IPUIPlugin
2023-11-14 19:12:38,288 [INFO] PluginManager:220 - loadIPPluginJar : add i2c
2023-11-14 19:12:38,288 [INFO] IPUIPlugin:80 - create IPUIPlugin
2023-11-14 19:12:38,288 [INFO] PluginManager:220 - loadIPPluginJar : add i2s
2023-11-14 19:12:38,304 [INFO] IPUIPlugin:80 - create IPUIPlugin
2023-11-14 19:12:38,304 [INFO] PluginManager:220 - loadIPPluginJar : add i3c
2023-11-14 19:12:38,304 [INFO] IPUIPlugin:80 - create IPUIPlugin
2023-11-14 19:12:38,304 [INFO] PluginManager:220 - loadIPPluginJar : add ipddr
2023-11-14 19:12:38,304 [INFO] IPUIPlugin:80 - create IPUIPlugin
2023-11-14 19:12:38,304 [INFO] PluginManager:220 - loadIPPluginJar : add linkedlist
2023-11-14 19:12:38,304 [INFO] IPUIPlugin:80 - create IPUIPlugin
2023-11-14 19:12:38,304 [INFO] PluginManager:220 - loadIPPluginJar : add lorawan
2023-11-14 19:12:38,304 [INFO] IPUIPlugin:80 - create IPUIPlugin
2023-11-14 19:12:38,304 [INFO] PluginManager:220 - loadIPPluginJar : add ltdc
2023-11-14 19:12:38,319 [INFO] IPUIPlugin:80 - create IPUIPlugin
2023-11-14 19:12:38,319 [INFO] PluginManager:220 - loadIPPluginJar : add mdma
2023-11-14 19:12:38,319 [INFO] IPUIPlugin:80 - create IPUIPlugin
2023-11-14 19:12:38,319 [INFO] PluginManager:220 - loadIPPluginJar : add nvic
2023-11-14 19:12:38,319 [INFO] IPUIPlugin:80 - create IPUIPlugin
2023-11-14 19:12:38,319 [INFO] PluginManager:220 - loadIPPluginJar : add opamp
2023-11-14 19:12:38,319 [INFO] IPUIPlugin:80 - create IPUIPlugin
2023-11-14 19:12:38,319 [INFO] PluginManager:220 - loadIPPluginJar : add openamp
2023-11-14 19:12:38,319 [INFO] IPUIPlugin:80 - create IPUIPlugin
2023-11-14 19:12:38,319 [INFO] PluginManager:220 - loadIPPluginJar : add pdm2pcm
2023-11-14 19:12:38,335 [INFO] IPUIPlugin:80 - create IPUIPlugin
2023-11-14 19:12:38,335 [INFO] PluginManager:220 - loadIPPluginJar : add plateformsettings
2023-11-14 19:12:38,335 [INFO] IPUIPlugin:80 - create IPUIPlugin
2023-11-14 19:12:38,335 [INFO] PluginManager:220 - loadIPPluginJar : add quadspi
2023-11-14 19:12:38,335 [INFO] IPUIPlugin:80 - create IPUIPlugin
2023-11-14 19:12:38,335 [INFO] PluginManager:220 - loadIPPluginJar : add resmgrutility
2023-11-14 19:12:38,335 [INFO] IPUIPlugin:80 - create IPUIPlugin
2023-11-14 19:12:38,335 [INFO] PluginManager:220 - loadIPPluginJar : add sai
2023-11-14 19:12:38,335 [INFO] IPUIPlugin:80 - create IPUIPlugin
2023-11-14 19:12:38,335 [INFO] PluginManager:220 - loadIPPluginJar : add spi
2023-11-14 19:12:38,351 [INFO] IPUIPlugin:80 - create IPUIPlugin
2023-11-14 19:12:38,351 [INFO] PluginManager:220 - loadIPPluginJar : add stm32_wpan
2023-11-14 19:12:38,351 [INFO] IPUIPlugin:80 - create IPUIPlugin
2023-11-14 19:12:38,351 [INFO] PluginManager:220 - loadIPPluginJar : add tim
2023-11-14 19:12:38,351 [INFO] IPUIPlugin:80 - create IPUIPlugin
2023-11-14 19:12:38,351 [INFO] PluginManager:220 - loadIPPluginJar : add touchsensing
2023-11-14 19:12:38,351 [INFO] IPUIPlugin:80 - create IPUIPlugin
2023-11-14 19:12:38,351 [INFO] PluginManager:220 - loadIPPluginJar : add tracer_emb
2023-11-14 19:12:38,351 [INFO] IPUIPlugin:80 - create IPUIPlugin
2023-11-14 19:12:38,351 [INFO] PluginManager:220 - loadIPPluginJar : add ts
2023-11-14 19:12:38,351 [INFO] IPUIPlugin:80 - create IPUIPlugin
2023-11-14 19:12:38,351 [INFO] PluginManager:220 - loadIPPluginJar : add tsc
2023-11-14 19:12:38,351 [INFO] IPUIPlugin:80 - create IPUIPlugin
2023-11-14 19:12:38,351 [INFO] PluginManager:220 - loadIPPluginJar : add ucpd
2023-11-14 19:12:38,351 [INFO] IPUIPlugin:80 - create IPUIPlugin
2023-11-14 19:12:38,351 [INFO] PluginManager:220 - loadIPPluginJar : add usart
2023-11-14 19:12:38,366 [INFO] IPUIPlugin:80 - create IPUIPlugin
2023-11-14 19:12:38,366 [INFO] PluginManager:220 - loadIPPluginJar : add usbx
2023-11-14 19:12:38,513 [INFO] CADModel:165 - CPN selected for project level
2023-11-14 19:12:38,513 [INFO] CADModel:114 - Register for checkConnection events
2023-11-14 19:12:38,513 [FATAL] Updater:308 - Updater called before beeing initialized
2023-11-14 19:12:38,513 [ERROR] CADModel:125 - Updater not yet initialized, retry later 
2023-11-14 19:12:38,695 [INFO] CADModel:165 - CPN selected for project level
2023-11-14 19:12:38,695 [INFO] CADModel:114 - Register for checkConnection events
2023-11-14 19:12:38,695 [FATAL] Updater:308 - Updater called before beeing initialized
2023-11-14 19:12:38,695 [ERROR] CADModel:125 - Updater not yet initialized, retry later 
2023-11-14 19:12:38,695 [FATAL] Updater:308 - Updater called before beeing initialized
2023-11-14 19:12:38,805 [FATAL] Updater:308 - Updater called before beeing initialized
2023-11-14 19:12:38,820 [INFO] DbMcusAds:53 - JSON generation date=Tue Mar 07 17:50:55 KST 2023 (1678179055335)
2023-11-14 19:12:38,820 [FATAL] Updater:308 - Updater called before beeing initialized
2023-11-14 19:12:38,852 [WARN] DetailPanel:346 - Failed to get advertising image, set to default
2023-11-14 19:12:38,945 [FATAL] Updater:308 - Updater called before beeing initialized
2023-11-14 19:12:38,945 [FATAL] Updater:308 - Updater called before beeing initialized
2023-11-14 19:12:38,945 [FATAL] Updater:308 - Updater called before beeing initialized
2023-11-14 19:12:38,945 [WARN] DetailPanel:346 - Failed to get advertising image, set to default
2023-11-14 19:12:38,961 [FATAL] Updater:308 - Updater called before beeing initialized
2023-11-14 19:12:39,035 [ERROR] Updater:1120 - MainUpdater not yet initialized. External WinMGr cannot be set.
2023-11-14 19:12:39,035 [INFO] Updater:1056 - Updater Version found : 6.9.2
2023-11-14 19:12:39,051 [INFO] ApplicationProperties:184 - Using Application install path: C:\ST\STM32CubeIDE_1.13.2\STM32CubeIDE\plugins\com.st.stm32cube.common.mx_6.9.2.202309101412
2023-11-14 19:12:39,348 [INFO] MainUpdater:2868 - connection check result : 10
2023-11-14 19:12:39,348 [INFO] MainUpdater:285 - Updater Check For Update Now.
2023-11-14 19:12:39,348 [INFO] MicroXplorer:498 - Change Database Version : DB.6.0.92
2023-11-14 19:12:39,379 [INFO] McuFinderGlobals:63 - Set McuFinder mode to 2 (CubeIDE integrated)
2023-11-14 19:12:39,582 [INFO] CheckServerUpdateThread:120 - End of CheckServer Thread
2023-11-14 19:12:39,631 [INFO] MainUpdater:2868 - connection check result : 10
2023-11-14 19:12:39,631 [INFO] MainUpdater:2868 - connection check result : 10
2023-11-14 19:12:39,844 [INFO] MicroXplorer:468 - Change Database Path : 
2023-11-14 19:12:39,844 [INFO] MicroXplorer:498 - Change Database Version : DB.6.0.92
2023-11-14 19:12:39,844 [WARN] ThirdParty:871 - waiting for thirdparty lock release [close project]
2023-11-14 19:12:40,896 [WARN] PackLoader:240 - Cannot read IP mode file for STMicroelectronics.X-CUBE-SMBUS.2.1.0
2023-11-14 19:12:40,930 [WARN] PackLoader:240 - Cannot read IP mode file for STMicroelectronics.X-CUBE-AZRTOS-F7.1.1.0
2023-11-14 19:12:40,965 [WARN] PackLoader:240 - Cannot read IP mode file for STMicroelectronics.FP-SNS-MOTENV1.4.3.2
2023-11-14 19:12:40,975 [WARN] PackLoader:240 - Cannot read IP mode file for STMicroelectronics.FP-SNS-FLIGHT1.5.0.2
2023-11-14 19:12:40,985 [WARN] PackLoader:240 - Cannot read IP mode file for STMicroelectronics.X-CUBE-DISPLAY.3.0.0
2023-11-14 19:12:40,996 [WARN] PackLoader:240 - Cannot read IP mode file for STMicroelectronics.X-CUBE-BLE1.7.0.0
2023-11-14 19:12:41,002 [WARN] PackLoader:240 - Cannot read IP mode file for emotas.I-CUBE-CANOPEN.1.3.0
2023-11-14 19:12:41,007 [WARN] PackLoader:240 - Cannot read IP mode file for STMicroelectronics.X-CUBE-TOUCHGFX.4.22.1
2023-11-14 19:12:41,013 [WARN] PackLoader:240 - Cannot read IP mode file for STMicroelectronics.FP-SNS-SMARTAG2.1.2.0
2023-11-14 19:12:41,023 [INFO] LogOutputStream:77 - [STDOUT_REDIRECT] 1 : Invalid condition id : UX_CORESTACK_Condition cause : null
2023-11-14 19:12:41,023 [INFO] LogOutputStream:77 - [STDOUT_REDIRECT] 1 : Invalid condition id : UX_CORESTACK_Condition cause : null
2023-11-14 19:12:41,024 [INFO] LogOutputStream:77 - [STDOUT_REDIRECT] 1 : Invalid condition id : UX_CORESTACK_Condition cause : null
2023-11-14 19:12:41,026 [INFO] LogOutputStream:77 - [STDOUT_REDIRECT] 1 : Invalid condition id : UX_CORESTACK_Condition cause : null
2023-11-14 19:12:41,027 [INFO] LogOutputStream:77 - [STDOUT_REDIRECT] 1 : Invalid condition id : UX_CORESTACK_Condition cause : null
2023-11-14 19:12:41,030 [WARN] PackLoader:240 - Cannot read IP mode file for STMicroelectronics.X-CUBE-AZRTOS-WL.2.0.0
2023-11-14 19:12:41,040 [WARN] PackLoader:240 - Cannot read IP mode file for WES.I-CUBE-Cesium.1.3.0
2023-11-14 19:12:41,046 [WARN] PackLoader:240 - Cannot read IP mode file for STMicroelectronics.X-CUBE-BLE2.3.3.0
2023-11-14 19:12:41,054 [WARN] PackLoader:240 - Cannot read IP mode file for STMicroelectronics.X-CUBE-ALGOBUILD.1.3.0
2023-11-14 19:12:41,078 [WARN] PackLoader:240 - Cannot read IP mode file for STMicroelectronics.X-CUBE-AZRTOS-G0.1.1.0
2023-11-14 19:12:41,087 [WARN] PackLoader:240 - Cannot read IP mode file for STMicroelectronics.X-CUBE-NFC4.3.0.0
2023-11-14 19:12:41,099 [WARN] PackLoader:240 - Cannot read IP mode file for STMicroelectronics.X-CUBE-BLEMGR.3.0.0
2023-11-14 19:12:41,105 [WARN] PackLoader:240 - Cannot read IP mode file for STMicroelectronics.FP-ATR-SIGFOX1.3.2.0
2023-11-14 19:12:41,156 [WARN] PackLoader:240 - Cannot read IP mode file for SEGGER.I-CUBE-embOS.1.3.1
2023-11-14 19:12:41,195 [WARN] PackLoader:240 - Cannot read IP mode file for STMicroelectronics.X-CUBE-GNSS1.6.0.0
2023-11-14 19:12:41,214 [WARN] PackLoader:240 - Cannot read IP mode file for STMicroelectronics.X-CUBE-AZRTOS-F4.1.1.0
2023-11-14 19:12:41,223 [WARN] PackLoader:240 - Cannot read IP mode file for wolfSSL.I-CUBE-wolfSSL.5.6.3
2023-11-14 19:12:41,242 [WARN] PackLoader:240 - Cannot read IP mode file for STMicroelectronics.X-CUBE-AZRTOS-L5.2.0.0
2023-11-14 19:12:41,271 [WARN] PackLoader:240 - Cannot read IP mode file for STMicroelectronics.X-CUBE-EEPRMA1.4.2.0
2023-11-14 19:12:41,277 [WARN] PackLoader:240 - Cannot read IP mode file for ITTIA_DB.I-CUBE-ITTIADB.8.8.0
2023-11-14 19:12:41,284 [WARN] PackLoader:240 - Cannot read IP mode file for STMicroelectronics.X-CUBE-BLEMGR.2.0.0
2023-11-14 19:12:41,299 [WARN] ConditionMgr:438 - getConditionDescription Invalid condition id : UX DEVICE CLASS RTOS Condition cause : null
2023-11-14 19:12:41,299 [WARN] ConditionMgr:438 - getConditionDescription Invalid condition id : UX DEVICE CLASS RTOS Condition cause : null
2023-11-14 19:12:41,301 [WARN] PackLoader:240 - Cannot read IP mode file for STMicroelectronics.X-CUBE-AZRTOS-H7.3.1.0
2023-11-14 19:12:41,302 [WARN] ConditionMgr:1039 - genDependencies : Invalid condition id : UX DEVICE CLASS RTOS Condition cause : null
2023-11-14 19:12:41,303 [WARN] ConditionMgr:1039 - genDependencies : Invalid condition id : UX DEVICE CLASS RTOS Condition cause : null
2023-11-14 19:12:41,303 [WARN] ConditionMgr:1039 - genDependencies : Invalid condition id : UX DEVICE CLASS RTOS Condition cause : null
2023-11-14 19:12:41,303 [WARN] ConditionMgr:1039 - genDependencies : Invalid condition id : UX DEVICE CLASS RTOS Condition cause : null
2023-11-14 19:12:41,303 [WARN] ConditionMgr:1039 - genDependencies : Invalid condition id : UX DEVICE CLASS RTOS Condition cause : null
2023-11-14 19:12:41,309 [WARN] PackLoader:240 - Cannot read IP mode file for STMicroelectronics.X-CUBE-NFC7.1.0.1
2023-11-14 19:12:41,316 [WARN] PackLoader:240 - Cannot read IP mode file for STMicroelectronics.X-CUBE-NFC6.3.0.0
2023-11-14 19:12:41,322 [WARN] PackLoader:240 - Cannot read IP mode file for STMicroelectronics.X-CUBE-EEPRMA1.4.1.0
2023-11-14 19:12:41,327 [WARN] PackLoader:240 - Cannot read IP mode file for STMicroelectronics.X-CUBE-AI.8.1.0
2023-11-14 19:12:41,342 [WARN] ConditionMgr:438 - getConditionDescription Invalid condition id : LAN8742 Phy interface Condition cause : null
2023-11-14 19:12:41,342 [WARN] PackLoader:240 - Cannot read IP mode file for STMicroelectronics.X-CUBE-AZRTOS-L4.2.0.0
2023-11-14 19:12:41,343 [WARN] ConditionMgr:1039 - genDependencies : Invalid condition id : LAN8742 Phy interface Condition cause : null
2023-11-14 19:12:41,343 [WARN] ConditionMgr:1039 - genDependencies : Invalid condition id : LAN8742 Phy interface Condition cause : null
2023-11-14 19:12:41,344 [WARN] ConditionMgr:1039 - genDependencies : Invalid condition id : LAN8742 Phy interface Condition cause : null
2023-11-14 19:12:41,351 [WARN] PackLoader:240 - Cannot read IP mode file for STMicroelectronics.X-CUBE-SFXS2LP1.4.0.0
2023-11-14 19:12:41,356 [WARN] PackLoader:240 - Cannot read IP mode file for STMicroelectronics.X-CUBE-ISPU.1.1.0
2023-11-14 19:12:41,365 [WARN] ConditionMgr:438 - getConditionDescription Invalid condition id : UX DEVICE CLASS RTOS Condition cause : null
2023-11-14 19:12:41,366 [WARN] ConditionMgr:438 - getConditionDescription Invalid condition id : UX DEVICE CLASS RTOS Condition cause : null
2023-11-14 19:12:41,367 [WARN] PackLoader:240 - Cannot read IP mode file for STMicroelectronics.X-CUBE-AZRTOS-WB.2.0.0
2023-11-14 19:12:41,368 [WARN] ConditionMgr:1039 - genDependencies : Invalid condition id : UX DEVICE CLASS RTOS Condition cause : null
2023-11-14 19:12:41,368 [WARN] ConditionMgr:1039 - genDependencies : Invalid condition id : UX DEVICE CLASS RTOS Condition cause : null
2023-11-14 19:12:41,368 [WARN] ConditionMgr:1039 - genDependencies : Invalid condition id : UX DEVICE CLASS RTOS Condition cause : null
2023-11-14 19:12:41,368 [WARN] ConditionMgr:1039 - genDependencies : Invalid condition id : UX DEVICE CLASS RTOS Condition cause : null
2023-11-14 19:12:41,369 [WARN] ConditionMgr:1039 - genDependencies : Invalid condition id : UX DEVICE CLASS RTOS Condition cause : null
2023-11-14 19:12:41,377 [WARN] PackLoader:240 - Cannot read IP mode file for STMicroelectronics.X-CUBE-SUBG2.5.0.0
2023-11-14 19:12:41,398 [WARN] PackLoader:240 - Cannot read IP mode file for STMicroelectronics.X-CUBE-TOF1.3.3.1
2023-11-14 19:12:41,431 [WARN] PackLoader:240 - Cannot read IP mode file for STMicroelectronics.X-CUBE-AZRTOS-G4.2.0.0
2023-11-14 19:12:41,450 [WARN] PackLoader:240 - Cannot read IP mode file for Infineon.AIROC-Wi-Fi-Bluetooth-STM32.1.5.1
2023-11-14 19:12:41,461 [WARN] PackLoader:240 - Cannot read IP mode file for STMicroelectronics.FP-SNS-MOTENVWB1.1.3.0
2023-11-14 19:12:41,500 [WARN] PackLoader:240 - Cannot read IP mode file for STMicroelectronics.X-CUBE-MEMS1.10.0.0
2023-11-14 19:12:41,704 [WARN] PackLoader:240 - Cannot read IP mode file for STMicroelectronics.X-CUBE-FREERTOS.1.1.0
2023-11-14 19:12:41,710 [WARN] PackLoader:240 - Cannot read IP mode file for portGmbH.I-Cube-SoM-uGOAL.1.1.0
2023-11-14 19:12:41,714 [WARN] PackLoader:240 - Cannot read IP mode file for STMicroelectronics.X-CUBE-ALS.1.0.1
2023-11-14 19:12:41,719 [WARN] PackLoader:240 - Cannot read IP mode file for STMicroelectronics.FP-ATR-ASTRA1.2.0.0
2023-11-14 19:12:41,720 [INFO] ThirdParty:978 - Integrity check success = true
2023-11-14 19:12:41,720 [INFO] IntegrityCheckThread:100 - exiting critical section [integrity check]
2023-11-14 19:12:41,720 [INFO] IntegrityCheckThread:103 - End integrity checks thread
2023-11-14 19:12:41,720 [INFO] ThirdParty:873 - entering critical section [close project]
2023-11-14 19:12:41,721 [INFO] ThirdParty:883 - exiting critical section [close project]
2023-11-14 19:12:41,725 [INFO] PinOutPanel:1499 - setPackage(No Configuration,No Configuration)
2023-11-14 19:12:41,737 [INFO] UtilMem:75 - Begin LoadConfig() Used Memory: 146828184 Bytes (531628032)
2023-11-14 19:12:41,740 [INFO] MicroXplorer:468 - Change Database Path : 
2023-11-14 19:12:41,740 [INFO] MicroXplorer:498 - Change Database Version : DB.6.0.92
2023-11-14 19:12:41,741 [INFO] OpenFileManager:308 - Change cursor
2023-11-14 19:12:41,848 [INFO] Mcu:1946 - Initializing MCU STM32F429ZITx STM32F429ZITx STM32F429ZIT6
2023-11-14 19:12:44,336 [INFO] Context:659 - Trying to add GPIOservice into a context  which must be forbidden
2023-11-14 19:12:45,112 [INFO] RtosManager:555 - Registered RTOS mode: class=CMSIS, group=RTOS, mode=CMSIS_V1, owner=FREERTOS
2023-11-14 19:12:45,112 [INFO] RtosManager:555 - Registered RTOS mode: class=CMSIS, group=RTOS2, mode=CMSIS_V2, owner=FREERTOS
2023-11-14 19:12:45,112 [INFO] RtosManager:555 - Registered RTOS mode: class=RTOS, group=Core, mode=CMSIS_V1, owner=FREERTOS
2023-11-14 19:12:45,112 [INFO] RtosManager:555 - Registered RTOS mode: class=RTOS, group=Core, mode=CMSIS_V2, owner=FREERTOS
2023-11-14 19:12:45,112 [WARN] ModelIntegratedComponent:184 - Missing modes for component STMicroelectronics:FreeRTOS:0.0.1:STMicroelectronics:RTOS:FreeRTOS:Core:::10.2.0:
2023-11-14 19:12:45,149 [WARN] ModelIntegratedComponent:63 - No mode defined for component null
2023-11-14 19:12:45,149 [WARN] ModelIntegratedComponent:63 - No mode defined for component null
2023-11-14 19:12:45,149 [WARN] ModelIntegratedComponent:63 - No mode defined for component null
2023-11-14 19:12:45,150 [WARN] ModelIntegratedComponent:63 - No mode defined for component null
2023-11-14 19:12:45,150 [WARN] ModelIntegratedComponent:63 - No mode defined for component null
2023-11-14 19:12:45,150 [WARN] ModelIntegratedComponent:63 - No mode defined for component null
2023-11-14 19:12:45,150 [WARN] ModelIntegratedComponent:63 - No mode defined for component null
2023-11-14 19:12:45,150 [WARN] ModelIntegratedComponent:63 - No mode defined for component null
2023-11-14 19:12:45,150 [WARN] ModelIntegratedComponent:63 - No mode defined for component null
2023-11-14 19:12:45,150 [WARN] ModelIntegratedComponent:63 - No mode defined for component null
2023-11-14 19:12:45,150 [WARN] ModelIntegratedComponent:63 - No mode defined for component null
2023-11-14 19:12:45,150 [WARN] ModelIntegratedComponent:63 - No mode defined for component null
2023-11-14 19:12:45,150 [WARN] ModelIntegratedComponent:63 - No mode defined for component null
2023-11-14 19:12:45,150 [WARN] ModelIntegratedComponent:63 - No mode defined for component null
2023-11-14 19:12:45,150 [WARN] ModelIntegratedComponent:63 - No mode defined for component null
2023-11-14 19:12:45,150 [WARN] ModelIntegratedComponent:63 - No mode defined for component null
2023-11-14 19:12:45,150 [WARN] ModelIntegratedComponent:63 - No mode defined for component null
2023-11-14 19:12:45,150 [WARN] ModelIntegratedComponent:63 - No mode defined for component null
2023-11-14 19:12:45,150 [WARN] ModelIntegratedComponent:63 - No mode defined for component null
2023-11-14 19:12:45,150 [WARN] ModelIntegratedComponent:63 - No mode defined for component null
2023-11-14 19:12:45,150 [WARN] ModelIntegratedComponent:63 - No mode defined for component null
2023-11-14 19:12:45,150 [WARN] ModelIntegratedComponent:63 - No mode defined for component null
2023-11-14 19:12:45,151 [WARN] ModelIntegratedComponent:63 - No mode defined for component null
2023-11-14 19:12:45,151 [WARN] ModelIntegratedComponent:63 - No mode defined for component null
2023-11-14 19:12:45,151 [WARN] ModelIntegratedComponent:63 - No mode defined for component null
2023-11-14 19:12:45,151 [WARN] ModelIntegratedComponent:63 - No mode defined for component null
2023-11-14 19:12:45,151 [WARN] ModelIntegratedComponent:63 - No mode defined for component null
2023-11-14 19:12:45,151 [WARN] ModelIntegratedComponent:63 - No mode defined for component null
2023-11-14 19:12:45,151 [WARN] ModelIntegratedComponent:63 - No mode defined for component null
2023-11-14 19:12:45,151 [WARN] ModelIntegratedComponent:63 - No mode defined for component null
2023-11-14 19:12:45,151 [WARN] ModelIntegratedComponent:63 - No mode defined for component null
2023-11-14 19:12:45,151 [WARN] ModelIntegratedComponent:63 - No mode defined for component null
2023-11-14 19:12:45,151 [WARN] ModelIntegratedComponent:63 - No mode defined for component null
2023-11-14 19:12:45,302 [INFO] ThirdPartyModel:298 - Start build external matchings
2023-11-14 19:12:45,623 [INFO] ThirdPartyModel:316 - End build external matchings
2023-11-14 19:12:45,642 [INFO] ImportTextPane:194 - (OptionalMessage_ERROR) IP (DMA) : Parameter (Instance) has Id (ADC1) currently not set
2023-11-14 19:12:45,642 [INFO] ImportTextPane:194 - (OptionalMessage_ERROR) IP (DMA) : Parameter (Channel) has Id (ADC1) currently not set
2023-11-14 19:12:45,642 [INFO] ImportTextPane:194 - (OptionalMessage_ERROR) IP (DMA) : Parameter (Direction) has Id (ADC1) currently not set
2023-11-14 19:12:45,642 [INFO] ImportTextPane:194 - (OptionalMessage_ERROR) IP (DMA) : Parameter (PeriphInc) has Id (ADC1) currently not set
2023-11-14 19:12:45,642 [INFO] ImportTextPane:194 - (OptionalMessage_ERROR) IP (DMA) : Parameter (MemInc) has Id (ADC1) currently not set
2023-11-14 19:12:45,642 [INFO] ImportTextPane:194 - (OptionalMessage_ERROR) IP (DMA) : Parameter (PeriphDataAlignment) has Id (ADC1) currently not set
2023-11-14 19:12:45,643 [INFO] ImportTextPane:194 - (OptionalMessage_ERROR) IP (DMA) : Parameter (MemDataAlignment) has Id (ADC1) currently not set
2023-11-14 19:12:45,643 [INFO] ImportTextPane:194 - (OptionalMessage_ERROR) IP (DMA) : Parameter (Mode) has Id (ADC1) currently not set
2023-11-14 19:12:45,643 [INFO] ImportTextPane:194 - (OptionalMessage_ERROR) IP (DMA) : Parameter (Priority) has Id (ADC1) currently not set
2023-11-14 19:12:45,643 [INFO] ImportTextPane:194 - (OptionalMessage_ERROR) IP (DMA) : Parameter (FIFOMode) has Id (ADC1) currently not set
2023-11-14 19:12:45,643 [INFO] ImportTextPane:194 - (OptionalMessage_ERROR) IP (ETH) : Invalid parameter (PHY_Name)
2023-11-14 19:12:45,644 [INFO] ImportTextPane:194 - (OptionalMessage_ERROR) IP (ETH) : Invalid parameter (PHY_Value)
2023-11-14 19:12:45,644 [INFO] ImportTextPane:194 - (OptionalMessage_ERROR) IP (ETH) : Invalid parameter (PhyAddress)
2023-11-14 19:12:45,645 [INFO] ImportTextPane:194 - (OptionalMessage_ERROR) IP (RCC) : Invalid parameter (ADC12outputFreq_Value)
2023-11-14 19:12:45,645 [INFO] ImportTextPane:194 - (OptionalMessage_ERROR) IP (RCC) : Invalid parameter (ADC34outputFreq_Value)
2023-11-14 19:12:45,646 [INFO] ImportTextPane:194 - (OptionalMessage_ERROR) IP (RCC) : Invalid parameter (FamilyName)
2023-11-14 19:12:45,646 [INFO] ImportTextPane:194 - (OptionalMessage_ERROR) IP (RCC) : Invalid parameter (I2C1Freq_Value)
2023-11-14 19:12:45,646 [INFO] ImportTextPane:194 - (OptionalMessage_ERROR) IP (RCC) : Invalid parameter (I2C2Freq_Value)
2023-11-14 19:12:45,646 [INFO] ImportTextPane:194 - (OptionalMessage_ERROR) IP (RCC) : Invalid parameter (I2C3Freq_Value)
2023-11-14 19:12:45,646 [INFO] ImportTextPane:194 - (OptionalMessage_ERROR) IP (RCC) : Parameter (MCO2PinFreq_Value) has invalid value (168000000)
2023-11-14 19:12:45,646 [INFO] ImportTextPane:194 - (OptionalMessage_ERROR) IP (RCC) : Invalid parameter (MCOFreq_Value)
2023-11-14 19:12:45,647 [INFO] ImportTextPane:194 - (OptionalMessage_ERROR) IP (RCC) : Invalid parameter (PLLMCOFreq_Value)
2023-11-14 19:12:45,647 [INFO] ImportTextPane:194 - (OptionalMessage_ERROR) IP (RCC) : Invalid parameter (PLLMUL)
2023-11-14 19:12:45,647 [INFO] ImportTextPane:194 - (OptionalMessage_ERROR) IP (RCC) : Invalid parameter (PRESCALERUSB)
2023-11-14 19:12:45,647 [INFO] ImportTextPane:194 - (OptionalMessage_ERROR) IP (RCC) : Parameter (RTCHSEDivFreq_Value) has invalid value (4000000)
2023-11-14 19:12:45,647 [INFO] ImportTextPane:194 - (OptionalMessage_ERROR) IP (RCC) : Invalid parameter (SYSCLKSourceVirtual)
2023-11-14 19:12:45,647 [INFO] ImportTextPane:194 - (OptionalMessage_ERROR) IP (RCC) : Invalid parameter (TIM15Freq_Value)
2023-11-14 19:12:45,647 [INFO] ImportTextPane:194 - (OptionalMessage_ERROR) IP (RCC) : Invalid parameter (TIM16Freq_Value)
2023-11-14 19:12:45,647 [INFO] ImportTextPane:194 - (OptionalMessage_ERROR) IP (RCC) : Invalid parameter (TIM17Freq_Value)
2023-11-14 19:12:45,647 [INFO] ImportTextPane:194 - (OptionalMessage_ERROR) IP (RCC) : Invalid parameter (TIM1Freq_Value)
2023-11-14 19:12:45,647 [INFO] ImportTextPane:194 - (OptionalMessage_ERROR) IP (RCC) : Invalid parameter (TIM20Freq_Value)
2023-11-14 19:12:45,647 [INFO] ImportTextPane:194 - (OptionalMessage_ERROR) IP (RCC) : Invalid parameter (TIM2Freq_Value)
2023-11-14 19:12:45,647 [INFO] ImportTextPane:194 - (OptionalMessage_ERROR) IP (RCC) : Invalid parameter (TIM3Freq_Value)
2023-11-14 19:12:45,647 [INFO] ImportTextPane:194 - (OptionalMessage_ERROR) IP (RCC) : Invalid parameter (TIM8Freq_Value)
2023-11-14 19:12:45,647 [INFO] ImportTextPane:194 - (OptionalMessage_ERROR) IP (RCC) : Invalid parameter (UART4Freq_Value)
2023-11-14 19:12:45,647 [INFO] ImportTextPane:194 - (OptionalMessage_ERROR) IP (RCC) : Invalid parameter (UART5Freq_Value)
2023-11-14 19:12:45,648 [INFO] ImportTextPane:194 - (OptionalMessage_ERROR) IP (RCC) : Invalid parameter (USART1Freq_Value)
2023-11-14 19:12:45,648 [INFO] ImportTextPane:194 - (OptionalMessage_ERROR) IP (RCC) : Invalid parameter (USART2Freq_Value)
2023-11-14 19:12:45,648 [INFO] ImportTextPane:194 - (OptionalMessage_ERROR) IP (RCC) : Invalid parameter (USART3Freq_Value)
2023-11-14 19:12:45,648 [INFO] ImportTextPane:194 - (OptionalMessage_ERROR) IP (RCC) : Invalid parameter (USBFreq_Value)
2023-11-14 19:12:45,648 [INFO] ImportTextPane:194 - (OptionalMessage_ERROR) IP (RCC) : Invalid parameter (VCOOutput2Freq_Value)
2023-11-14 19:12:46,065 [INFO] UtilMem:75 - End LoadConfig() Used Memory: 189365408 Bytes (471859200)
2023-11-14 19:12:46,280 [INFO] ApiDb:581 - Connected to CubeFinder SQLite database (C:\Users\박병준\.stmcufinder\plugins\mcufinder\mcu\cube-finder-db.db)
2023-11-14 19:12:46,394 [INFO] ApiDb:668 - CubeFinder database Data Model version=2.1
2023-11-14 19:12:46,394 [INFO] ApiDb:669 - CubeFinder database Configuration version=3.0.37
2023-11-14 19:12:46,395 [INFO] ApiDb:670 - CubeFinder database generation date=2023-10-13 (1697197505)
2023-11-14 19:12:46,395 [INFO] ApiDb:671 - CubeFinder database FW Pack versions=[FP-ATR-ASTRA1_V2.0.0, FP-SNS-FLIGHT1_V5.0.1, FP-SNS-FLIGHT1_V5.0.2, FP-SNS-MOTENV1_V4.3.1, FP-SNS-MOTENV1_V4.3.2, FP-SNS-SMARTAG2_V1.2.0, I-CUBE-ITTIADB_V8.6.3-1, STM32Cube_FW_C0_V1.1.0, STM32Cube_FW_F4_V1.27.1, STM32Cube_FW_F7_V1.17.0, STM32Cube_FW_G0_V1.6.1, STM32Cube_FW_G4_V1.5.1, STM32Cube_FW_H5_V0.5.1, STM32Cube_FW_H5_V1.1.1, STM32Cube_FW_H7_V1.11.0, STM32Cube_FW_L0_V1.12.2, STM32Cube_FW_L5_V1.5.0, STM32Cube_FW_U5_V1.3.0, STM32Cube_FW_U5_V1.3.0RC4, STM32Cube_FW_WBA_V1.0.0RC1, STM32Cube_FW_WBA_V1.1.0RC1, STM32Cube_FW_WBA_V1.1.1, STM32Cube_FW_WB_V1.15.0RC1, STM32Cube_FW_WB_V1.16.0, STM32Cube_FW_WB_V1.16.0RC2, STM32Cube_FW_WB_V1.17.3, STM32Cube_FW_WL_V1.3.0, X-CUBE-ALGOBUILD_V1.3.0, X-CUBE-ALS_V1.0.1, X-CUBE-AZRTOS-F4_V1.1.0, X-CUBE-AZRTOS-F7_V1.1.0, X-CUBE-AZRTOS-G0_V1.1.0, X-CUBE-AZRTOS-G4_V2.0.0, X-CUBE-AZRTOS-H7_V3.1.0, X-CUBE-AZRTOS-L4_V1.0.0, X-CUBE-AZRTOS-L4_V2.0.0, X-CUBE-AZRTOS-L5_V1.1.0, X-CUBE-AZRTOS-WB_V2.0.0, X-CUBE-AZRTOS-WL_V2.0.0, X-CUBE-BLE1_V7.0.0, X-CUBE-BLE2_V3.3.0, X-CUBE-BLEMGR_V2.0.0, X-CUBE-EEPRMA1_V4.1.0, X-CUBE-FREERTOS_V1.1.0, X-CUBE-GNSS1_V6.0.0, X-CUBE-MEMS1_V10.0.0, X-CUBE-MEMS1_V9.1.0, X-CUBE-MEMS1_V9.4.0, X-CUBE-MEMS1_V9.6.0, X-CUBE-NFC4_V3.0.0, X-CUBE-NFC7_V1.0.1, X-CUBE-SFXS2LP1_V4.0.0, X-CUBE-SUBG2_V5.0.0, X-CUBE-TOF1_V3.3.1]
2023-11-14 19:12:49,360 [INFO] ApiDb:240 - Found 323 in-development CPN: [B-G473E-ZEST1S, B-WB1M-WPAN1, B-WL5M-SUBG1, NUCLEO-C031C6, NUCLEO-H503RB, NUCLEO-H563ZI, NUCLEO-U545RE-Q, NUCLEO-U5A5ZJ-Q, NUCLEO-WBA52CG, STEVAL-PROTEUS1, STEVAL-SMARTAG2, STEVAL-STWINBX1, STM320518-EVAL, STM32C0116-DK, STM32C011D6Y3TR, STM32C011D6Y6TR, STM32C011F4P3, STM32C011F4P6, STM32C011F4U3, STM32C011F4U6TR, STM32C011F6P3, STM32C011F6P6, STM32C011F6U3, STM32C011F6U6TR, STM32C011J4M3, STM32C011J4M6, STM32C011J6M3, STM32C011J6M6, STM32C0316-DK, STM32C031C4T3, STM32C031C4T6, STM32C031C4U3, STM32C031C4U6, STM32C031C6T3, STM32C031C6T6, STM32C031C6U3, STM32C031C6U6, STM32C031F4P3, STM32C031F4P6, STM32C031F6P3, STM32C031F6P6, STM32C031G4U3, STM32C031G4U6, STM32C031G6U3, STM32C031G6U6, STM32C031K4T3, STM32C031K4T6, STM32C031K4U3, STM32C031K4U6, STM32C031K6T3, STM32C031K6T6, STM32C031K6U3, STM32C031K6U6, STM32G071K8TXN, STM32G071K8UXN, STM32G081GBU6N, STM32G081KBT6N, STM32G081KBUXN, STM32G0B1CCT6N, STM32G0B1KCT6, STM32G0B1NEY6TR, STM32G0B1RCT6N, STM32G0C1CCT6, STM32G0C1CCT6N, STM32G0C1CCU6N, STM32G0C1CET6N, STM32G0C1CEU6N, STM32G0C1KCT6, STM32G0C1NEY6TR, STM32G0C1RCI6N, STM32G0C1RCT6N, STM32G0C1REI6N, STM32G0C1RET6N, STM32G0C1VCI6, STM32G0C1VEI6, STM32G471CCT6, STM32G471CCU6, STM32G471CET3, STM32G471CET6, STM32G471CEU3, STM32G471CEU6, STM32G471MCT6, STM32G471MET3, STM32G471MET6, STM32G471MEY6TR, STM32G471QCT6, STM32G471QET3, STM32G471RCT6, STM32G471RET3, STM32G471RET6, STM32G471VCH6, STM32G471VCI6, STM32G471VCT6, STM32G471VEH3, STM32G471VEH6, STM32G471VEI3, STM32G471VEI6, STM32G471VET3, STM32G471VET6, STM32G474CCT6, STM32H503CBT6, STM32H503CBU6, STM32H503EBY6TR, STM32H503KBU6, STM32H503RBT6, STM32H562AGI6, STM32H562AII6, STM32H562IGK6, STM32H562IGT6, STM32H562IIK6, STM32H562IIT6, STM32H562RGT6, STM32H562RGV6, STM32H562RIT6, STM32H562RIV6, STM32H562VGT6, STM32H562VIT6, STM32H562ZGT6, STM32H562ZIT6, STM32H563AGI6, STM32H563AII3Q, STM32H563AII6, STM32H563IGK6, STM32H563IGT6, STM32H563IIK3Q, STM32H563IIK6, STM32H563IIT3Q, STM32H563IIT6, STM32H563MIY3QTR, STM32H563RGT6, STM32H563RGV6, STM32H563RIT6, STM32H563RIV6, STM32H563VGT6, STM32H563VIT3Q, STM32H563VIT6, STM32H563ZGT6, STM32H563ZIT3Q, STM32H563ZIT6, STM32H573AII3Q, STM32H573AII6, STM32H573I-DK, STM32H573IIK3Q, STM32H573IIK6, STM32H573IIT3Q, STM32H573IIT6, STM32H573MIY3QTR, STM32H573RIT6, STM32H573RIV6, STM32H573VIT3Q, STM32H573VIT6, STM32H573ZIT3Q, STM32H573ZIT6, STM32L4R5QGI6STR, STM32MP131AAE3, STM32MP131AAF3, STM32MP131AAG3, STM32MP131CAE3, STM32MP131CAF3, STM32MP131CAG3, STM32MP131DAE7, STM32MP131DAF7, STM32MP131DAG7, STM32MP131FAE7, STM32MP131FAF7, STM32MP131FAG7, STM32MP133AAE3, STM32MP133AAF3, STM32MP133AAG3, STM32MP133CAE3, STM32MP133CAF3, STM32MP133CAG3, STM32MP133DAE7, STM32MP133DAF7, STM32MP133DAG7, STM32MP133FAE7, STM32MP133FAF7, STM32MP133FAG7, STM32MP135AAE3, STM32MP135AAF3, STM32MP135AAG3, STM32MP135CAE3, STM32MP135CAF3, STM32MP135CAG3, STM32MP135DAE7, STM32MP135DAF7, STM32MP135DAG7, STM32MP135F-DK, STM32MP135FAE7, STM32MP135FAF7, STM32MP135FAF7T, STM32MP135FAF7U, STM32MP135FAG7, STM32U535CBT6, STM32U535CBT6Q, STM32U535CBU6, STM32U535CBU6Q, STM32U535CCT6, STM32U535CCT6Q, STM32U535CCU6, STM32U535CCU6Q, STM32U535CET6, STM32U535CET6Q, STM32U535CEU6, STM32U535CEU6Q, STM32U535JEY6QTR, STM32U535NCY6QTR, STM32U535NEY6QTR, STM32U535RBI6, STM32U535RBI6Q, STM32U535RBT6, STM32U535RBT6Q, STM32U535RCI6, STM32U535RCI6Q, STM32U535RCT6, STM32U535RCT6Q, STM32U535REI6, STM32U535REI6Q, STM32U535RET6, STM32U535RET6Q, STM32U535VCI6, STM32U535VCI6Q, STM32U535VCT6, STM32U535VCT6Q, STM32U535VEI6, STM32U535VEI6Q, STM32U535VET6, STM32U535VET6Q, STM32U545CET6, STM32U545CET6Q, STM32U545CEU6, STM32U545CEU6Q, STM32U545JEY6QTR, STM32U545NEY6QTR, STM32U545REI6, STM32U545REI6Q, STM32U545RET6, STM32U545RET6Q, STM32U545VEI6, STM32U545VEI6Q, STM32U545VET6, STM32U545VET6Q, STM32U595AIH6, STM32U595AIH6Q, STM32U595AJH6, STM32U595AJH6Q, STM32U595QII6, STM32U595QII6Q, STM32U595QJI6, STM32U595QJI6Q, STM32U595RIT6, STM32U595RIT6Q, STM32U595RJT6, STM32U595RJT6Q, STM32U595VIT6, STM32U595VIT6Q, STM32U595VJT6, STM32U595VJT6Q, STM32U595ZIT6, STM32U595ZIT6Q, STM32U595ZIY6QTR, STM32U595ZJT6, STM32U595ZJT6Q, STM32U595ZJY6QTR, STM32U599BJY6QTR, STM32U599NIH6Q, STM32U599NJH6Q, STM32U599VIT6Q, STM32U599VJT6, STM32U599VJT6Q, STM32U599ZIT6Q, STM32U599ZIY6QTR, STM32U599ZJT6Q, STM32U599ZJY6QTR, STM32U5A5AJH6, STM32U5A5AJH6Q, STM32U5A5QJI6, STM32U5A5QJI6Q, STM32U5A5RJT6, STM32U5A5RJT6Q, STM32U5A5VJT6, STM32U5A5VJT6Q, STM32U5A5ZJT6, STM32U5A5ZJT6Q, STM32U5A5ZJY6QTR, STM32U5A9BJY6QTR, STM32U5A9J-DK, STM32U5A9NJH6Q, STM32U5A9VJT6Q, STM32U5A9ZJT6Q, STM32U5A9ZJY6QTR, STM32U5F7VIT6, STM32U5F7VIT6Q, STM32U5F7VJT6, STM32U5F7VJT6Q, STM32U5F9BJY6QTR, STM32U5F9NJH6Q, STM32U5F9VIT6Q, STM32U5F9VJT6Q, STM32U5F9ZIJ6QTR, STM32U5F9ZIT6Q, STM32U5F9ZJJ6QTR, STM32U5F9ZJT6Q, STM32U5G7VJT6, STM32U5G7VJT6Q, STM32U5G9BJY6QTR, STM32U5G9J-DK1, STM32U5G9J-DK2, STM32U5G9NJH6Q, STM32U5G9VJT6Q, STM32U5G9ZJJ6QTR, STM32U5G9ZJT6Q, STM32WB1MMCH6, STM32WBA52CEU6, STM32WBA52CEU6T, STM32WBA52CGU6, STM32WBA52CGU6T, STM32WBA52KEU6, STM32WBA52KEU6T, STM32WBA52KGU6, STM32WBA52KGU6T, STM32WL5MOCH6, STM32WL5MOCH6TR]
2023-11-14 19:12:49,365 [INFO] DbMcus:217 - Found 3848 MCUs, 3848 are supported
2023-11-14 19:12:49,366 [INFO] ApiDb:423 - Load user favorites file C:\Users\박병준/.stm32cubeide/favorites.mcus.txt: 0 item(s)
2023-11-14 19:12:49,366 [INFO] ApiDb:427 - User favorites MCUs=[]
2023-11-14 19:12:49,366 [INFO] DbMcus:223 - Set 0 / 0 favorites MCUs
2023-11-14 19:12:49,750 [WARN] ThirdParty:833 - waiting for thirdparty lock release [change project]
2023-11-14 19:12:49,750 [INFO] ThirdParty:835 - entering critical section [change project]
2023-11-14 19:12:49,750 [INFO] ThirdParty:1030 - CMSIS Pack Vendor :STMicroelectronics X-CUBE-ISPU 1.1.0
2023-11-14 19:12:49,750 [INFO] ThirdParty:1030 - CMSIS Pack Vendor :STMicroelectronics USBPD 4.1
2023-11-14 19:12:49,751 [INFO] ThirdParty:1030 - CMSIS Pack Vendor :STMicroelectronics X-CUBE-GNSS1 6.0.0
2023-11-14 19:12:49,751 [INFO] ThirdParty:1030 - CMSIS Pack Vendor :STMicroelectronics USB_HOST 2.0.0
2023-11-14 19:12:49,751 [INFO] ThirdParty:1030 - CMSIS Pack Vendor :STMicroelectronics X-CUBE-AZRTOS-F4 1.1.0
2023-11-14 19:12:49,751 [INFO] ThirdParty:1030 - CMSIS Pack Vendor :STMicroelectronics LIBJPEG 8.0.0
2023-11-14 19:12:49,751 [INFO] ThirdParty:1030 - CMSIS Pack Vendor :wolfSSL I-CUBE-wolfSSL 5.6.3
2023-11-14 19:12:49,751 [INFO] ThirdParty:1030 - CMSIS Pack Vendor :STMicroelectronics X-CUBE-SMBUS 2.1.0
2023-11-14 19:12:49,751 [INFO] ThirdParty:1030 - CMSIS Pack Vendor :STMicroelectronics USB_DEVICE 3.0.0
2023-11-14 19:12:49,751 [INFO] ThirdParty:1030 - CMSIS Pack Vendor :STMicroelectronics X-CUBE-AZRTOS-WB 2.0.0
2023-11-14 19:12:49,751 [INFO] ThirdParty:1030 - CMSIS Pack Vendor :STMicroelectronics X-CUBE-AZRTOS-F7 1.1.0
2023-11-14 19:12:49,751 [INFO] ThirdParty:1030 - CMSIS Pack Vendor :STMicroelectronics X-CUBE-AZRTOS-L5 2.0.0
2023-11-14 19:12:49,751 [INFO] ThirdParty:1030 - CMSIS Pack Vendor :STMicroelectronics USB_DEVICE 2.0.0
2023-11-14 19:12:49,751 [INFO] ThirdParty:1030 - CMSIS Pack Vendor :STMicroelectronics X-CUBE-EEPRMA1 4.2.0
2023-11-14 19:12:49,751 [INFO] ThirdParty:1030 - CMSIS Pack Vendor :ITTIA_DB I-CUBE-ITTIADB 8.8.0
2023-11-14 19:12:49,751 [INFO] ThirdParty:1030 - CMSIS Pack Vendor :STMicroelectronics FP-SNS-MOTENV1 4.3.2
2023-11-14 19:12:49,751 [INFO] ThirdParty:1030 - CMSIS Pack Vendor :STMicroelectronics X-CUBE-ALGOBUILD 1.3.0
2023-11-14 19:12:49,751 [INFO] ThirdParty:1030 - CMSIS Pack Vendor :STMicroelectronics FreeRTOS 0.0.1
2023-11-14 19:12:49,751 [INFO] ThirdParty:1030 - CMSIS Pack Vendor :STMicroelectronics X-CUBE-AZRTOS-G0 1.1.0
2023-11-14 19:12:49,752 [INFO] ThirdParty:1030 - CMSIS Pack Vendor :STMicroelectronics X-CUBE-BLEMGR 2.0.0
2023-11-14 19:12:49,752 [INFO] ThirdParty:1030 - CMSIS Pack Vendor :STMicroelectronics X-CUBE-NFC4 3.0.0
2023-11-14 19:12:49,752 [INFO] ThirdParty:1030 - CMSIS Pack Vendor :STMicroelectronics X-CUBE-SUBG2 5.0.0
2023-11-14 19:12:49,752 [INFO] ThirdParty:1030 - CMSIS Pack Vendor :STMicroelectronics STM32_WPAN 1.0.0
2023-11-14 19:12:49,752 [INFO] ThirdParty:1030 - CMSIS Pack Vendor :STMicroelectronics lwIP 2.0.3
2023-11-14 19:12:49,752 [INFO] ThirdParty:1030 - CMSIS Pack Vendor :STMicroelectronics FP-SNS-FLIGHT1 5.0.2
2023-11-14 19:12:49,752 [INFO] ThirdParty:1030 - CMSIS Pack Vendor :STMicroelectronics USB_HOST 1.0.0
2023-11-14 19:12:49,752 [INFO] ThirdParty:1030 - CMSIS Pack Vendor :STMicroelectronics X-CUBE-TOF1 3.3.1
2023-11-14 19:12:49,752 [INFO] ThirdParty:1030 - CMSIS Pack Vendor :STMicroelectronics X-CUBE-AZRTOS-G4 2.0.0
2023-11-14 19:12:49,752 [INFO] ThirdParty:1030 - CMSIS Pack Vendor :STMicroelectronics PDM2PCM 3.1.0
2023-11-14 19:12:49,752 [INFO] ThirdParty:1030 - CMSIS Pack Vendor :STMicroelectronics X-CUBE-AZRTOS-H7 3.1.0
2023-11-14 19:12:49,752 [INFO] ThirdParty:1030 - CMSIS Pack Vendor :Infineon AIROC-Wi-Fi-Bluetooth-STM32 1.5.1
2023-11-14 19:12:49,752 [INFO] ThirdParty:1030 - CMSIS Pack Vendor :STMicroelectronics X-CUBE-BLEMGR 3.0.0
2023-11-14 19:12:49,752 [INFO] ThirdParty:1030 - CMSIS Pack Vendor :STMicroelectronics PDM2PCM 3.3.0
2023-11-14 19:12:49,752 [INFO] ThirdParty:1030 - CMSIS Pack Vendor :STMicroelectronics X-CUBE-DISPLAY 3.0.0
2023-11-14 19:12:49,752 [INFO] ThirdParty:1030 - CMSIS Pack Vendor :STMicroelectronics FP-SNS-MOTENVWB1 1.3.0
2023-11-14 19:12:49,752 [INFO] ThirdParty:1030 - CMSIS Pack Vendor :STMicroelectronics X-CUBE-BLE1 7.0.0
2023-11-14 19:12:49,752 [INFO] ThirdParty:1030 - CMSIS Pack Vendor :STMicroelectronics FP-ATR-SIGFOX1 3.2.0
2023-11-14 19:12:49,753 [INFO] ThirdParty:1030 - CMSIS Pack Vendor :STMicroelectronics HAL Drivers 0.0.0
2023-11-14 19:12:49,753 [INFO] ThirdParty:1030 - CMSIS Pack Vendor :STMicroelectronics MBEDTLS 2.16.2
2023-11-14 19:12:49,753 [INFO] ThirdParty:1030 - CMSIS Pack Vendor :emotas I-CUBE-CANOPEN 1.3.0
2023-11-14 19:12:49,753 [INFO] ThirdParty:1030 - CMSIS Pack Vendor :STMicroelectronics X-CUBE-MEMS1 10.0.0
2023-11-14 19:12:49,753 [INFO] ThirdParty:1030 - CMSIS Pack Vendor :STMicroelectronics X-CUBE-FREERTOS 1.1.0
2023-11-14 19:12:49,753 [INFO] ThirdParty:1030 - CMSIS Pack Vendor :STMicroelectronics X-CUBE-NFC7 1.0.1
2023-11-14 19:12:49,753 [INFO] ThirdParty:1030 - CMSIS Pack Vendor :STMicroelectronics MBEDTLS 2.14.1
2023-11-14 19:12:49,753 [INFO] ThirdParty:1030 - CMSIS Pack Vendor :STMicroelectronics X-CUBE-TOUCHGFX 4.22.1
2023-11-14 19:12:49,753 [INFO] ThirdParty:1030 - CMSIS Pack Vendor :STMicroelectronics X-CUBE-NFC6 3.0.0
2023-11-14 19:12:49,753 [INFO] ThirdParty:1030 - CMSIS Pack Vendor :STMicroelectronics X-CUBE-EEPRMA1 4.1.0
2023-11-14 19:12:49,753 [INFO] ThirdParty:1030 - CMSIS Pack Vendor :portGmbH I-Cube-SoM-uGOAL 1.1.0
2023-11-14 19:12:49,753 [INFO] ThirdParty:1030 - CMSIS Pack Vendor :STMicroelectronics X-CUBE-ALS 1.0.1
2023-11-14 19:12:49,753 [INFO] ThirdParty:1030 - CMSIS Pack Vendor :STMicroelectronics ThreadX 1.0.0
2023-11-14 19:12:49,753 [INFO] ThirdParty:1030 - CMSIS Pack Vendor :STMicroelectronics FP-SNS-SMARTAG2 1.2.0
2023-11-14 19:12:49,753 [INFO] ThirdParty:1030 - CMSIS Pack Vendor :STMicroelectronics X-CUBE-AZRTOS-WL 2.0.0
2023-11-14 19:12:49,753 [INFO] ThirdParty:1030 - CMSIS Pack Vendor :SEGGER I-CUBE-embOS 1.3.1
2023-11-14 19:12:49,753 [INFO] ThirdParty:1030 - CMSIS Pack Vendor :STMicroelectronics USB_DEVICE 1.0.0
2023-11-14 19:12:49,753 [INFO] ThirdParty:1030 - CMSIS Pack Vendor :STMicroelectronics X-CUBE-AI 8.1.0
2023-11-14 19:12:49,753 [INFO] ThirdParty:1030 - CMSIS Pack Vendor :STMicroelectronics X-CUBE-AZRTOS-L4 2.0.0
2023-11-14 19:12:49,754 [INFO] ThirdParty:1030 - CMSIS Pack Vendor :STMicroelectronics ThreadX 0.0.2
2023-11-14 19:12:49,754 [INFO] ThirdParty:1030 - CMSIS Pack Vendor :WES I-CUBE-Cesium 1.3.0
2023-11-14 19:12:49,754 [INFO] ThirdParty:1030 - CMSIS Pack Vendor :STMicroelectronics FP-ATR-ASTRA1 2.0.0
2023-11-14 19:12:49,754 [INFO] ThirdParty:1030 - CMSIS Pack Vendor :STMicroelectronics lwIP 2.1.2
2023-11-14 19:12:49,754 [INFO] ThirdParty:1030 - CMSIS Pack Vendor :STMicroelectronics X-CUBE-SFXS2LP1 4.0.0
2023-11-14 19:12:49,754 [INFO] ThirdParty:1030 - CMSIS Pack Vendor :STMicroelectronics X-CUBE-BLE2 3.3.0
2023-11-14 19:12:49,754 [INFO] ThirdParty:1030 - CMSIS Pack Vendor :STMicroelectronics PDM2PCM 3.2.0
2023-11-14 19:12:49,754 [INFO] ThirdParty:841 - exiting critical section [change project]
2023-11-14 19:12:50,356 [INFO] PinOutPanel:1499 - setPackage(No Configuration,No Configuration)
2023-11-14 19:12:50,357 [INFO] PinOutPanel:1499 - setPackage(STM32F429ZITx,LQFP144)
2023-11-14 19:12:51,006 [INFO] UtilMem:75 - Before build in PCC Used Memory: 317104160 Bytes (471859200)
2023-11-14 19:12:52,023 [INFO] UtilMem:75 - After build in PCC Used Memory: 399746504 Bytes (471859200)
2023-11-14 19:12:52,075 [INFO] IPUIPlugin:80 - create IPUIPlugin
2023-11-14 19:12:52,075 [INFO] IPUIPlugin:80 - create IPUIPlugin
2023-11-14 19:12:52,075 [INFO] IPUIPlugin:80 - create IPUIPlugin
2023-11-14 19:12:52,076 [INFO] IPUIPlugin:80 - create IPUIPlugin
2023-11-14 19:12:52,076 [INFO] IPUIPlugin:80 - create IPUIPlugin
2023-11-14 19:12:52,076 [INFO] IPUIPlugin:80 - create IPUIPlugin
2023-11-14 19:12:52,076 [INFO] IPUIPlugin:80 - create IPUIPlugin
2023-11-14 19:12:52,077 [INFO] IPUIPlugin:80 - create IPUIPlugin
2023-11-14 19:12:52,077 [INFO] IPUIPlugin:80 - create IPUIPlugin
2023-11-14 19:12:52,077 [INFO] IPUIPlugin:80 - create IPUIPlugin
2023-11-14 19:12:52,077 [INFO] IPUIPlugin:80 - create IPUIPlugin
2023-11-14 19:12:52,077 [INFO] IPUIPlugin:80 - create IPUIPlugin
2023-11-14 19:12:52,077 [INFO] IPUIPlugin:80 - create IPUIPlugin
2023-11-14 19:12:52,078 [INFO] IPUIPlugin:80 - create IPUIPlugin
2023-11-14 19:12:52,078 [INFO] IPUIPlugin:80 - create IPUIPlugin
2023-11-14 19:12:52,078 [INFO] IPUIPlugin:80 - create IPUIPlugin
2023-11-14 19:12:52,078 [INFO] IPUIPlugin:80 - create IPUIPlugin
2023-11-14 19:12:52,078 [INFO] IPUIPlugin:80 - create IPUIPlugin
2023-11-14 19:12:52,078 [INFO] IPUIPlugin:80 - create IPUIPlugin
2023-11-14 19:12:52,079 [INFO] IPUIPlugin:80 - create IPUIPlugin
2023-11-14 19:12:52,079 [INFO] IPUIPlugin:80 - create IPUIPlugin
2023-11-14 19:12:52,079 [INFO] IPUIPlugin:80 - create IPUIPlugin
2023-11-14 19:12:52,079 [INFO] IPUIPlugin:80 - create IPUIPlugin
2023-11-14 19:12:52,080 [INFO] IPUIPlugin:80 - create IPUIPlugin
2023-11-14 19:12:52,080 [INFO] IPUIPlugin:80 - create IPUIPlugin
2023-11-14 19:12:52,080 [INFO] IPUIPlugin:80 - create IPUIPlugin
2023-11-14 19:12:52,080 [INFO] IPUIPlugin:80 - create IPUIPlugin
2023-11-14 19:12:52,080 [INFO] IPUIPlugin:80 - create IPUIPlugin
2023-11-14 19:12:52,081 [INFO] IPUIPlugin:80 - create IPUIPlugin
2023-11-14 19:12:52,081 [INFO] IPUIPlugin:80 - create IPUIPlugin
2023-11-14 19:12:52,081 [INFO] IPUIPlugin:80 - create IPUIPlugin
2023-11-14 19:12:52,081 [INFO] IPUIPlugin:80 - create IPUIPlugin
2023-11-14 19:12:52,082 [INFO] IPUIPlugin:80 - create IPUIPlugin
2023-11-14 19:12:52,082 [INFO] IPUIPlugin:80 - create IPUIPlugin
2023-11-14 19:12:52,082 [INFO] IPUIPlugin:80 - create IPUIPlugin
2023-11-14 19:12:52,083 [INFO] IPUIPlugin:80 - create IPUIPlugin
2023-11-14 19:12:52,083 [INFO] IPUIPlugin:80 - create IPUIPlugin
2023-11-14 19:12:52,083 [INFO] IPUIPlugin:80 - create IPUIPlugin
2023-11-14 19:12:52,083 [INFO] IPUIPlugin:80 - create IPUIPlugin
2023-11-14 19:12:52,083 [INFO] IPUIPlugin:80 - create IPUIPlugin
2023-11-14 19:12:52,084 [INFO] IPUIPlugin:80 - create IPUIPlugin
2023-11-14 19:12:52,084 [INFO] IPUIPlugin:80 - create IPUIPlugin
2023-11-14 19:12:52,084 [INFO] IPUIPlugin:80 - create IPUIPlugin
2023-11-14 19:12:52,084 [INFO] IPUIPlugin:80 - create IPUIPlugin
2023-11-14 19:12:52,084 [INFO] IPUIPlugin:80 - create IPUIPlugin
2023-11-14 19:12:52,085 [INFO] IPUIPlugin:80 - create IPUIPlugin
2023-11-14 19:12:52,085 [INFO] IPUIPlugin:80 - create IPUIPlugin
2023-11-14 19:12:52,085 [INFO] IPUIPlugin:80 - create IPUIPlugin
2023-11-14 19:12:52,085 [INFO] IPUIPlugin:80 - create IPUIPlugin
2023-11-14 19:12:52,086 [INFO] IPUIPlugin:80 - create IPUIPlugin
2023-11-14 19:12:52,086 [INFO] IPUIPlugin:80 - create IPUIPlugin
2023-11-14 19:12:52,086 [INFO] IPUIPlugin:80 - create IPUIPlugin
2023-11-14 19:12:52,086 [INFO] IPUIPlugin:80 - create IPUIPlugin
2023-11-14 19:12:52,087 [INFO] IPUIPlugin:80 - create IPUIPlugin
2023-11-14 19:12:52,087 [INFO] IPUIPlugin:80 - create IPUIPlugin
2023-11-14 19:12:52,087 [INFO] IPUIPlugin:80 - create IPUIPlugin
2023-11-14 19:12:52,087 [INFO] IPUIPlugin:80 - create IPUIPlugin
2023-11-14 19:12:52,088 [INFO] IPUIPlugin:80 - create IPUIPlugin
2023-11-14 19:12:52,088 [INFO] IPUIPlugin:80 - create IPUIPlugin
2023-11-14 19:12:52,088 [INFO] IPUIPlugin:80 - create IPUIPlugin
2023-11-14 19:12:52,089 [INFO] IPUIPlugin:80 - create IPUIPlugin
2023-11-14 19:12:52,090 [INFO] IPUIPlugin:80 - create IPUIPlugin
2023-11-14 19:12:52,090 [INFO] IPUIPlugin:80 - create IPUIPlugin
2023-11-14 19:12:52,090 [INFO] IPUIPlugin:80 - create IPUIPlugin
2023-11-14 19:12:52,091 [INFO] IPUIPlugin:80 - create IPUIPlugin
2023-11-14 19:12:52,091 [INFO] IPUIPlugin:80 - create IPUIPlugin
2023-11-14 19:12:52,214 [INFO] ApiDbMcu:507 - Load IP Config File for PDM2PCM
2023-11-14 19:12:52,533 [INFO] CADModel:165 - CPN selected for project levelSTM32F429ZIT6
2023-11-14 19:12:52,533 [INFO] CADModel:114 - Register for checkConnection events
2023-11-14 19:12:52,592 [INFO] OpenFileManager:328 - Restore cursor
2023-11-14 19:13:00,397 [ERROR] LogOutputStream:75 - [STDERR_REDIRECT] SLF4J: Failed to load class "org.slf4j.impl.StaticLoggerBinder".
2023-11-14 19:13:00,397 [ERROR] LogOutputStream:75 - [STDERR_REDIRECT] SLF4J: Defaulting to no-operation (NOP) logger implementation
2023-11-14 19:13:00,397 [ERROR] LogOutputStream:75 - [STDERR_REDIRECT] SLF4J: See http://www.slf4j.org/codes.html#StaticLoggerBinder for further details.
